{"Id":null,"Data":{"__type":"ArtOfTest.WebAii.Design.Execution.RunResult","__value":{"IsComplete":true,"Name":"Schedule Reports and message 130440582315925157","StartTime":"2014-05-08T17:30:31.6495157-04:00","EndTime":"2014-05-08T17:31:22.9526144-04:00","DataCollectors":{},"TestResults":[{"__type":"ArtOfTest.WebAii.Design.Execution.TestResult","__value":{"Browser":1,"ExeType":5,"SeparatorLineCharCount":60,"Message":"Overall Result: Fail\r\n------------------------------------------------------------\r\n'08-05-2014 17:30:34' - Using .Net Runtime version: '4.0.30319.18444' for test execution. Build version is '2013.2.1219.0'.\r\n'08-05-2014 17:30:34' - Starting execution....\r\n------------------------------------------------------------\r\n------------------------------------------------------------\r\n'08-05-2014 17:30:43' - Enabling Html Popup Tracker. Test expecting Popups.\r\n'08-05-2014 17:30:43' - Using 'InternetExplorer' version '11.0' as default browser. \r\n'08-05-2014 17:31:22' - 'Fail' : 1. Execute test 'Set mailid for appuser'\r\n\r\n>>> Test-as-Step 'weblogic\\Reports Scheduling\\Set mailid for appuser.tstest' log starts:\r\n\r\nOverall Result: Fail\r\n------------------------------------------------------------\r\n'08-05-2014 17:30:44' - Enabling Html Popup Tracker. Test expecting Popups.\r\n'08-05-2014 17:30:44' - Using 'InternetExplorer' version '11.0' as default browser. \r\n'08-05-2014 17:30:45' - 'Pass' : 1. Navigate to : 'http://localhost:7001/prweb/PRServlet'\r\n'08-05-2014 17:30:46' - 'Pass' : 2. Click 'TxtUserIDEmail'\r\n'08-05-2014 17:30:46' - 'Pass' : 3. Enter text 'SAE1Architect' in 'TxtUserIDEmail'\r\n'08-05-2014 17:30:46' - 'Pass' : 4. Enter text 'rules' in 'TxtPasswordPassword'\r\n'08-05-2014 17:30:47' - 'Pass' : 5. Click 'LogInSpan'\r\n'08-05-2014 17:30:52' - 'Pass' : 6. Wait for '5000' msec.\r\n'08-05-2014 17:31:22' - 'Fail' : 7. Click 'OperatorMenuLink'\r\n------------------------------------------------------------\r\nFailure Information: \r\n~~~~~~~~~~~~~~~\r\nExecuteCommand failed!\r\nBrowserCommand (Type:'Information',Info:'DocumentMarkup',Action:'NotSet',Target:'null',Data:'',ClientId:'Client_60b4b1ba-bd19-4e13-a652-e9f266a93c1f',HasFrames:'False',FramesInfo:'',TargetFrameIndex:'-1',InError:'False',Response:'')\r\nInnerException: System.InvalidOperationException: This client 'Client_60b4b1ba-bd19-4e13-a652-e9f266a93c1f' is not connected to remote to be able to process command.\r\n   at ArtOfTest.WebAii.Core.Browser.ExecuteCommandInternal(BrowserCommand request)\r\n\r\nInnerException:\r\nArtOfTest.WebAii.Exceptions.ExecuteCommandException: ExecuteCommand failed!\r\nBrowserCommand (Type:'Information',Info:'DocumentMarkup',Action:'NotSet',Target:'null',Data:'',ClientId:'Client_60b4b1ba-bd19-4e13-a652-e9f266a93c1f',HasFrames:'False',FramesInfo:'',TargetFrameIndex:'-1',InError:'False',Response:'')\r\nInnerException: System.InvalidOperationException: This client 'Client_60b4b1ba-bd19-4e13-a652-e9f266a93c1f' is not connected to remote to be able to process command.\r\n   at ArtOfTest.WebAii.Core.Browser.ExecuteCommandInternal(BrowserCommand request)\r\n ---> System.InvalidOperationException: This client 'Client_60b4b1ba-bd19-4e13-a652-e9f266a93c1f' is not connected to remote to be able to process command.\r\n   at ArtOfTest.WebAii.Core.Browser.ExecuteCommandInternal(BrowserCommand request)\r\n   --- End of inner exception stack trace ---\r\n   at ArtOfTest.WebAii.Core.Browser.ExecuteCommandInternal(BrowserCommand request)\r\n   at ArtOfTest.WebAii.Core.Browser.ExecuteCommand(BrowserCommand request, Boolean performDomRefresh, Boolean waitUntilReady)\r\n   at ArtOfTest.WebAii.Core.Browser.RefreshDomTree()\r\n   at ArtOfTest.WebAii.Core.Browser.ArtOfTest.Common.IAutomationHost.EnsureStateIsCurrent()\r\n   at ArtOfTest.WebAii.Design.Execution.ExecutionUtils.WaitForAllElements(IAutomationHost host, AutomationDescriptor descriptor, Int32 timeout)\r\n   at ArtOfTest.WebAii.Design.Execution.ExecutionEngine.ExecuteStep(Int32 order)\r\n------------------------------------------------------------\r\n'08-05-2014 17:31:22' - Detected a failure. Step is marked 'ContinueOnFailure=False' aborting test execution.\r\n------------------------------------------------------------\r\n'08-05-2014 17:31:22' - Overall Result: Fail\r\n'08-05-2014 17:31:22' - Duration: [0 min: 37 sec: 777 msec]\r\n------------------------------------------------------------\r\n\r\n<<< Test-as-Step 'weblogic\\Reports Scheduling\\Set mailid for appuser.tstest' log ends.\r\n\r\nInnerException:\r\nArtOfTest.WebAii.Exceptions.ExecuteCommandException: ExecuteCommand failed!\r\nBrowserCommand (Type:'Information',Info:'DocumentMarkup',Action:'NotSet',Target:'null',Data:'',ClientId:'Client_60b4b1ba-bd19-4e13-a652-e9f266a93c1f',HasFrames:'False',FramesInfo:'',TargetFrameIndex:'-1',InError:'False',Response:'')\r\nInnerException: System.InvalidOperationException: This client 'Client_60b4b1ba-bd19-4e13-a652-e9f266a93c1f' is not connected to remote to be able to process command.\r\n   at ArtOfTest.WebAii.Core.Browser.ExecuteCommandInternal(BrowserCommand request)\r\n ---> System.InvalidOperationException: This client 'Client_60b4b1ba-bd19-4e13-a652-e9f266a93c1f' is not connected to remote to be able to process command.\r\n   at ArtOfTest.WebAii.Core.Browser.ExecuteCommandInternal(BrowserCommand request)\r\n   --- End of inner exception stack trace ---\r\n   at ArtOfTest.WebAii.Core.Browser.ExecuteCommandInternal(BrowserCommand request)\r\n   at ArtOfTest.WebAii.Core.Browser.ExecuteCommand(BrowserCommand request, Boolean performDomRefresh, Boolean waitUntilReady)\r\n   at ArtOfTest.WebAii.Core.Browser.RefreshDomTree()\r\n   at ArtOfTest.WebAii.Core.Browser.ArtOfTest.Common.IAutomationHost.EnsureStateIsCurrent()\r\n   at ArtOfTest.WebAii.Design.Execution.ExecutionUtils.WaitForAllElements(IAutomationHost host, AutomationDescriptor descriptor, Int32 timeout)\r\n   at ArtOfTest.WebAii.Design.Execution.ExecutionEngine.ExecuteStep(Int32 order)\r\n------------------------------------------------------------\r\n'08-05-2014 17:31:22' - Detected a failure. Step is marked 'ContinueOnFailure=False' aborting test execution.\r\n------------------------------------------------------------\r\n'08-05-2014 17:31:22' - Overall Result: Fail\r\n'08-05-2014 17:31:22' - Duration: [0 min: 38 sec: 455 msec]\r\n------------------------------------------------------------\r\n'08-05-2014 17:31:22' - Test completed!\r\n\r\n","FailureException":{"__type":"ArtOfTest.Common.Design.Exceptions.ExecutionException","__value":{"message":"ExecuteCommand failed!\r\nBrowserCommand (Type:'Information',Info:'DocumentMarkup',Action:'NotSet',Target:'null',Data:'',ClientId:'Client_60b4b1ba-bd19-4e13-a652-e9f266a93c1f',HasFrames:'False',FramesInfo:'',TargetFrameIndex:'-1',InError:'False',Response:'')\r\nInnerException: System.InvalidOperationException: This client 'Client_60b4b1ba-bd19-4e13-a652-e9f266a93c1f' is not connected to remote to be able to process command.\r\n   at ArtOfTest.WebAii.Core.Browser.ExecuteCommandInternal(BrowserCommand request)\r\n","DataProvider":{"__type":"ArtOfTest.Common.Design.Exceptions.ErrorDataProvider","__value":{"_info":{"HostState":null}}}}},"Result":1,"TestId":"74b04326-16fa-4c3e-9136-009f76f909ff","TestName":"Schedule Reports and message","TestPath":"weblogic\\Reports Scheduling\\Schedule Reports and message.tstest","TestOwner":"","TestDescription":"","ProjectPath":"","StepResults":[{"__type":"ArtOfTest.WebAii.Design.Execution.TestAsStepResult","__value":{"TestResult":{"__type":"ArtOfTest.WebAii.Design.Execution.TestResult","__value":{"Browser":0,"ExeType":5,"SeparatorLineCharCount":60,"Message":"Overall Result: Fail\r\n------------------------------------------------------------\r\n'08-05-2014 17:30:44' - Enabling Html Popup Tracker. Test expecting Popups.\r\n'08-05-2014 17:30:44' - Using 'InternetExplorer' version '11.0' as default browser. \r\n'08-05-2014 17:30:45' - 'Pass' : 1. Navigate to : 'http://localhost:7001/prweb/PRServlet'\r\n'08-05-2014 17:30:46' - 'Pass' : 2. Click 'TxtUserIDEmail'\r\n'08-05-2014 17:30:46' - 'Pass' : 3. Enter text 'SAE1Architect' in 'TxtUserIDEmail'\r\n'08-05-2014 17:30:46' - 'Pass' : 4. Enter text 'rules' in 'TxtPasswordPassword'\r\n'08-05-2014 17:30:47' - 'Pass' : 5. Click 'LogInSpan'\r\n'08-05-2014 17:30:52' - 'Pass' : 6. Wait for '5000' msec.\r\n'08-05-2014 17:31:22' - 'Fail' : 7. Click 'OperatorMenuLink'\r\n------------------------------------------------------------\r\nFailure Information: \r\n~~~~~~~~~~~~~~~\r\nExecuteCommand failed!\r\nBrowserCommand (Type:'Information',Info:'DocumentMarkup',Action:'NotSet',Target:'null',Data:'',ClientId:'Client_60b4b1ba-bd19-4e13-a652-e9f266a93c1f',HasFrames:'False',FramesInfo:'',TargetFrameIndex:'-1',InError:'False',Response:'')\r\nInnerException: System.InvalidOperationException: This client 'Client_60b4b1ba-bd19-4e13-a652-e9f266a93c1f' is not connected to remote to be able to process command.\r\n   at ArtOfTest.WebAii.Core.Browser.ExecuteCommandInternal(BrowserCommand request)\r\n\r\nInnerException:\r\nArtOfTest.WebAii.Exceptions.ExecuteCommandException: ExecuteCommand failed!\r\nBrowserCommand (Type:'Information',Info:'DocumentMarkup',Action:'NotSet',Target:'null',Data:'',ClientId:'Client_60b4b1ba-bd19-4e13-a652-e9f266a93c1f',HasFrames:'False',FramesInfo:'',TargetFrameIndex:'-1',InError:'False',Response:'')\r\nInnerException: System.InvalidOperationException: This client 'Client_60b4b1ba-bd19-4e13-a652-e9f266a93c1f' is not connected to remote to be able to process command.\r\n   at ArtOfTest.WebAii.Core.Browser.ExecuteCommandInternal(BrowserCommand request)\r\n ---> System.InvalidOperationException: This client 'Client_60b4b1ba-bd19-4e13-a652-e9f266a93c1f' is not connected to remote to be able to process command.\r\n   at ArtOfTest.WebAii.Core.Browser.ExecuteCommandInternal(BrowserCommand request)\r\n   --- End of inner exception stack trace ---\r\n   at ArtOfTest.WebAii.Core.Browser.ExecuteCommandInternal(BrowserCommand request)\r\n   at ArtOfTest.WebAii.Core.Browser.ExecuteCommand(BrowserCommand request, Boolean performDomRefresh, Boolean waitUntilReady)\r\n   at ArtOfTest.WebAii.Core.Browser.RefreshDomTree()\r\n   at ArtOfTest.WebAii.Core.Browser.ArtOfTest.Common.IAutomationHost.EnsureStateIsCurrent()\r\n   at ArtOfTest.WebAii.Design.Execution.ExecutionUtils.WaitForAllElements(IAutomationHost host, AutomationDescriptor descriptor, Int32 timeout)\r\n   at ArtOfTest.WebAii.Design.Execution.ExecutionEngine.ExecuteStep(Int32 order)\r\n------------------------------------------------------------\r\n'08-05-2014 17:31:22' - Detected a failure. Step is marked 'ContinueOnFailure=False' aborting test execution.\r\n------------------------------------------------------------\r\n'08-05-2014 17:31:22' - Overall Result: Fail\r\n'08-05-2014 17:31:22' - Duration: [0 min: 37 sec: 777 msec]\r\n------------------------------------------------------------\r\n\r\n","FailureException":{"__type":"ArtOfTest.Common.Design.Exceptions.ExecutionException","__value":{"message":"ExecuteCommand failed!\r\nBrowserCommand (Type:'Information',Info:'DocumentMarkup',Action:'NotSet',Target:'null',Data:'',ClientId:'Client_60b4b1ba-bd19-4e13-a652-e9f266a93c1f',HasFrames:'False',FramesInfo:'',TargetFrameIndex:'-1',InError:'False',Response:'')\r\nInnerException: System.InvalidOperationException: This client 'Client_60b4b1ba-bd19-4e13-a652-e9f266a93c1f' is not connected to remote to be able to process command.\r\n   at ArtOfTest.WebAii.Core.Browser.ExecuteCommandInternal(BrowserCommand request)\r\n","DataProvider":{"__type":"ArtOfTest.Common.Design.Exceptions.ErrorDataProvider","__value":{"_info":{"HostState":null}}}}},"Result":1,"TestId":"5f3e0242-93be-4ea2-912d-3677a9b52cac","TestName":"Set mailid for appuser","TestPath":"weblogic\\Reports Scheduling\\Set mailid for appuser.tstest","TestOwner":"","TestDescription":"","ProjectPath":"","StepResults":[{"__type":"ArtOfTest.WebAii.Design.AutomationStepResult","__value":{"TestName":"Set mailid for appuser","TestPath":"weblogic\\Reports Scheduling\\Set mailid for appuser.tstest","TestId":"5f3e0242-93be-4ea2-912d-3677a9b52cac","TestStepIndex":0,"StepDescription":"Navigate to : 'http://localhost:7001/prweb/PRServlet'","Exception":null,"ResultType":0,"State":null,"Order":1,"LogMessageOnError":"","UserComment":null,"HashCode":1347723234,"IsManual":false,"WasStepEnabled":false}},{"__type":"ArtOfTest.WebAii.Design.AutomationStepResult","__value":{"TestName":"Set mailid for appuser","TestPath":"weblogic\\Reports Scheduling\\Set mailid for appuser.tstest","TestId":"5f3e0242-93be-4ea2-912d-3677a9b52cac","TestStepIndex":1,"StepDescription":"Click 'TxtUserIDEmail'","Exception":null,"ResultType":0,"State":null,"Order":2,"LogMessageOnError":"","UserComment":null,"HashCode":2087960561,"IsManual":false,"WasStepEnabled":false}},{"__type":"ArtOfTest.WebAii.Design.AutomationStepResult","__value":{"TestName":"Set mailid for appuser","TestPath":"weblogic\\Reports Scheduling\\Set mailid for appuser.tstest","TestId":"5f3e0242-93be-4ea2-912d-3677a9b52cac","TestStepIndex":2,"StepDescription":"Enter text 'SAE1Architect' in 'TxtUserIDEmail'","Exception":null,"ResultType":0,"State":null,"Order":3,"LogMessageOnError":"","UserComment":null,"HashCode":1106498605,"IsManual":false,"WasStepEnabled":false}},{"__type":"ArtOfTest.WebAii.Design.AutomationStepResult","__value":{"TestName":"Set mailid for appuser","TestPath":"weblogic\\Reports Scheduling\\Set mailid for appuser.tstest","TestId":"5f3e0242-93be-4ea2-912d-3677a9b52cac","TestStepIndex":3,"StepDescription":"Enter text 'rules' in 'TxtPasswordPassword'","Exception":null,"ResultType":0,"State":null,"Order":4,"LogMessageOnError":"","UserComment":null,"HashCode":1106498606,"IsManual":false,"WasStepEnabled":false}},{"__type":"ArtOfTest.WebAii.Design.AutomationStepResult","__value":{"TestName":"Set mailid for appuser","TestPath":"weblogic\\Reports Scheduling\\Set mailid for appuser.tstest","TestId":"5f3e0242-93be-4ea2-912d-3677a9b52cac","TestStepIndex":4,"StepDescription":"Click 'LogInSpan'","Exception":null,"ResultType":0,"State":null,"Order":5,"LogMessageOnError":"","UserComment":null,"HashCode":2087960564,"IsManual":false,"WasStepEnabled":false}},{"__type":"ArtOfTest.WebAii.Design.AutomationStepResult","__value":{"TestName":"Set mailid for appuser","TestPath":"weblogic\\Reports Scheduling\\Set mailid for appuser.tstest","TestId":"5f3e0242-93be-4ea2-912d-3677a9b52cac","TestStepIndex":5,"StepDescription":"Wait for '5000' msec.","Exception":null,"ResultType":0,"State":null,"Order":6,"LogMessageOnError":"","UserComment":null,"HashCode":-1280481825,"IsManual":false,"WasStepEnabled":false}},{"__type":"ArtOfTest.WebAii.Design.AutomationStepResult","__value":{"TestName":"Set mailid for appuser","TestPath":"weblogic\\Reports Scheduling\\Set mailid for appuser.tstest","TestId":"5f3e0242-93be-4ea2-912d-3677a9b52cac","TestStepIndex":6,"StepDescription":"Click 'OperatorMenuLink'","Exception":{"__type":"ArtOfTest.Common.Design.Exceptions.ExecutionException","__value":{"message":"ExecuteCommand failed!\r\nBrowserCommand (Type:'Information',Info:'DocumentMarkup',Action:'NotSet',Target:'null',Data:'',ClientId:'Client_60b4b1ba-bd19-4e13-a652-e9f266a93c1f',HasFrames:'False',FramesInfo:'',TargetFrameIndex:'-1',InError:'False',Response:'')\r\nInnerException: System.InvalidOperationException: This client 'Client_60b4b1ba-bd19-4e13-a652-e9f266a93c1f' is not connected to remote to be able to process command.\r\n   at ArtOfTest.WebAii.Core.Browser.ExecuteCommandInternal(BrowserCommand request)\r\n","DataProvider":{"__type":"ArtOfTest.Common.Design.Exceptions.ErrorDataProvider","__value":{"_info":{"HostState":null}}}}},"ResultType":1,"State":null,"Order":7,"LogMessageOnError":"","UserComment":null,"HashCode":2087960566,"IsManual":false,"WasStepEnabled":false}}],"NotRunStepDescriptions":["Click 'ItemMiddleTableCell2'","Enter text 'ravi740136@gmail.com' in 'PyEmailAddressText'","Click 'SaveDiv'","Wait for '5000' msec.","Click 'OperatorMenuLink'","Click 'ItemMiddleTableCell2'"],"TotalPassedSteps":6,"ExecutingTestStepCount":7,"TotalNumberOfNotRunSteps":0,"IsDataDrivenResult":false,"DataIterationResults":[],"EndTime":"2014-05-08T17:31:22.298549-04:00","StartTime":"2014-05-08T17:30:44.5207716-04:00","ProfilerResultsPath":null,"VersionGroupKey":"00000000-0000-0000-0000-000000000000","CommitedBy":null}},"ResultType":1,"Exception":{"__type":"ArtOfTest.Common.Design.Exceptions.ExecutionException","__value":{"message":"ExecuteCommand failed!\r\nBrowserCommand (Type:'Information',Info:'DocumentMarkup',Action:'NotSet',Target:'null',Data:'',ClientId:'Client_60b4b1ba-bd19-4e13-a652-e9f266a93c1f',HasFrames:'False',FramesInfo:'',TargetFrameIndex:'-1',InError:'False',Response:'')\r\nInnerException: System.InvalidOperationException: This client 'Client_60b4b1ba-bd19-4e13-a652-e9f266a93c1f' is not connected to remote to be able to process command.\r\n   at ArtOfTest.WebAii.Core.Browser.ExecuteCommandInternal(BrowserCommand request)\r\n","DataProvider":{"__type":"ArtOfTest.Common.Design.Exceptions.ErrorDataProvider","__value":{"_info":{"HostState":null}}}}},"TestName":"Schedule Reports and message","TestPath":"weblogic\\Reports Scheduling\\Schedule Reports and message.tstest","TestId":"74b04326-16fa-4c3e-9136-009f76f909ff","TestStepIndex":0,"StepDescription":"Execute test 'Set mailid for appuser'","State":null,"Order":1,"LogMessageOnError":"","UserComment":null,"HashCode":-832664899,"IsManual":false,"WasStepEnabled":false}}],"NotRunStepDescriptions":["Execute test 'Create new category for Report'","Execute test 'Add Report To Category'","Execute test 'Schedule Report'"],"TotalPassedSteps":0,"ExecutingTestStepCount":1,"TotalNumberOfNotRunSteps":0,"IsDataDrivenResult":false,"DataIterationResults":[],"EndTime":"2014-05-08T17:31:22.3045496-04:00","StartTime":"2014-05-08T17:30:43.8487044-04:00","ProfilerResultsPath":null,"VersionGroupKey":"00000000-0000-0000-0000-000000000000","CommitedBy":null}}],"FileName":"Schedule Reports and message 130440582315925157","Id":"1ba183ed-fe22-44b7-b07b-32434ab558be","Machine":{"__type":"ArtOfTest.WebAii.Design.Execution.Scheduling.Machine","__value":{"Id":"00000000-0000-0000-0000-000000000000","NetworkName":"LJAKKRW7BLR","OperatingSystem":"Windows 7","InstalledBrowsers":[{"__type":"ArtOfTest.WebAii.Design.Execution.Scheduling.BrowserInformation","__value":{"Type":1,"Version":"9.11.9600.17041"}},{"__type":"ArtOfTest.WebAii.Design.Execution.Scheduling.BrowserInformation","__value":{"Type":2,"Version":"3.6 (en-US)"}},{"__type":"ArtOfTest.WebAii.Design.Execution.Scheduling.BrowserInformation","__value":{"Type":7,"Version":""}}],"Status":0,"ServiceUri":null,"DBState":0,"UserName":"jakkr"}},"Messages":null,"RunId":"1ba183ed-fe22-44b7-b07b-32434ab558be","Comment":null,"TestListId":"8cca1560-22bd-43b6-b70f-1c569741b05f","IsManual":false,"DispatchGroupId":"479e78d5-654c-4b11-ac24-ea7b6e2290ab"}},"Metadata":null}