{"Id":null,"Data":{"__type":"ArtOfTest.WebAii.Design.Execution.RunResult","__value":{"IsComplete":true,"Name":"Schedule Reports and message 130446661017745006","StartTime":"2014-05-15T18:21:41.808504-04:00","EndTime":"2014-05-15T18:24:24.8084682-04:00","DataCollectors":{},"TestResults":[{"__type":"ArtOfTest.WebAii.Design.Execution.TestResult","__value":{"Browser":1,"ExeType":5,"SeparatorLineCharCount":60,"Message":"Overall Result: Fail\r\n------------------------------------------------------------\r\n'15-05-2014 08:51:45' - Using .Net Runtime version: '4.0.30319.18444' for test execution. Build version is '2013.2.1219.0'.\r\n'15-05-2014 08:51:45' - Starting execution....\r\n------------------------------------------------------------\r\n------------------------------------------------------------\r\n'15-05-2014 08:51:50' - Detected DataDriven Test. Starting data iterations.\r\n------------------------------------------------------------\r\n'15-05-2014 08:51:50' - [Iteration #1: (BaseURL=http://localhost:9080)(adminlogin=administrator@pega.com)(adminpassword=install)(hrservices jar=E:\\share\\HRServicesSample.jar)(candfn=fn1)(candln=ln1)(appuserlogin=sae1architect)(appuserpassword=rules)]\r\n------------------------------------------------------------\r\nOverall Result: Fail\r\n------------------------------------------------------------\r\n'15-05-2014 08:51:50' - Enabling Html Popup Tracker. Test expecting Popups.\r\n'15-05-2014 08:51:50' - Using 'InternetExplorer' version '9.0' as default browser. \r\n'15-05-2014 08:52:12' - 'Pass' : 1. Execute test 'Set mailid for appuser.tstest'\r\n\r\n>>> Test-as-Step 'EJBTesting\\Reports Scheduling\\Set mailid for appuser.tstest' log starts:\r\n\r\nOverall Result: Pass\r\n------------------------------------------------------------\r\n'15-05-2014 08:51:50' - Detected custom code in test. Locating test assembly: PRPC.dll.\r\n'15-05-2014 08:51:50' - Assembly Found: C:\\Users\\jakkr\\Documents\\Test Studio Projects\\PRPC\\bin\\PRPC.dll\r\n'15-05-2014 08:51:50' - Loading code class: 'PRPC.Set_mailid_for_appuser'.\r\n------------------------------------------------------------\r\n------------------------------------------------------------\r\n'15-05-2014 08:51:50' - Detected DataDriven Test. Starting data iterations.\r\n------------------------------------------------------------\r\n'15-05-2014 08:51:50' - [Iteration #1: (BaseURL=http://localhost:9080)(adminlogin=administrator@pega.com)(adminpassword=install)(hrservices jar=E:\\share\\HRServicesSample.jar)(candfn=fn1)(candln=ln1)(appuserlogin=sae1architect)(appuserpassword=rules)]\r\n------------------------------------------------------------\r\nOverall Result: Pass\r\n------------------------------------------------------------\r\n'15-05-2014 08:51:50' - Enabling Html Popup Tracker. Test expecting Popups.\r\n'15-05-2014 08:51:50' - Using 'InternetExplorer' version '9.0' as default browser. \r\n'15-05-2014 08:51:50' - 'Pass' : 1. [Set_mailid_for_appuser_CodedStep] : New Coded Step\r\n'15-05-2014 08:51:51' - 'Pass' : 2. Navigate to : '/prweb/PRServlet' - DataDriven: [$(BaseURL)]\r\n'15-05-2014 08:51:51' - 'Pass' : 3. Click 'TxtUserIDEmail'\r\n'15-05-2014 08:51:51' - 'Pass' : 4. Enter text 'SAE1Architect' in 'TxtUserIDEmail'\r\n'15-05-2014 08:51:51' - 'Pass' : 5. Enter text 'rules' in 'TxtPasswordPassword'\r\n'15-05-2014 08:51:54' - 'Pass' : 6. Click 'LogInSpan'\r\n'15-05-2014 08:51:59' - 'Pass' : 7. Wait for '5000' msec.\r\n'15-05-2014 08:52:00' - 'Pass' : 8. Click 'OperatorMenuLink'\r\n'15-05-2014 08:52:02' - 'Pass' : 9. Click 'ItemMiddleTableCell2'\r\n'15-05-2014 08:52:04' - 'Pass' : 10. Enter text 'ravi740136@gmail.com' in 'PyEmailAddressText'\r\n'15-05-2014 08:52:05' - 'Pass' : 11. Click 'SaveDiv'\r\n'15-05-2014 08:52:10' - 'Pass' : 12. Wait for '5000' msec.\r\n'15-05-2014 08:52:11' - 'Pass' : 13. Click 'OperatorMenuLink'\r\n'15-05-2014 08:52:12' - 'Pass' : 14. Click 'ItemMiddleTableCell2'\r\n------------------------------------------------------------\r\n'15-05-2014 08:52:12' - Overall Result: Pass\r\n'15-05-2014 08:52:12' - Duration: [0 min: 21 sec: 932 msec]\r\n------------------------------------------------------------\r\n------------------------------------------------------------\r\n'15-05-2014 08:52:12' - Overall Result: Pass\r\n'15-05-2014 08:52:12' - Duration: [0 min: 21 sec: 938 msec]\r\n------------------------------------------------------------\r\n\r\n<<< Test-as-Step 'EJBTesting\\Reports Scheduling\\Set mailid for appuser.tstest' log ends.\r\n\r\n'15-05-2014 08:52:47' - 'Pass' : 2. Execute test 'Create new category for Report.tstest'\r\n\r\n>>> Test-as-Step 'EJBTesting\\Reports Scheduling\\Create new category for Report.tstest' log starts:\r\n\r\nOverall Result: Pass\r\n------------------------------------------------------------\r\n'15-05-2014 08:52:12' - Enabling Html Popup Tracker. Test expecting Popups.\r\n'15-05-2014 08:52:12' - Using 'InternetExplorer' version '9.0' as default browser. \r\n'15-05-2014 08:52:12' - 'NotRun' : 1. Navigate to : '/prweb/PRServlet' - DataDriven: [$(BaseURL)]\r\n'15-05-2014 08:52:17' - 'Pass' : 2. Wait for '5000' msec.\r\n'15-05-2014 08:52:17' - 'Pass' : 3. Click 'TxtUserIDEmail'\r\n'15-05-2014 08:52:18' - 'Pass' : 4. Enter text 'SAE1Architect' in 'TxtUserIDEmail'\r\n'15-05-2014 08:52:18' - 'Pass' : 5. Enter text 'rules' in 'TxtPasswordPassword'\r\n'15-05-2014 08:52:23' - 'Pass' : 6. Click 'LogInSpan'\r\n'15-05-2014 08:52:28' - 'Pass' : 7. Wait for '5000' msec.\r\n'15-05-2014 08:52:28' - 'Pass' : 8. Click 'ItemMiddleLink'\r\n'15-05-2014 08:52:33' - 'Pass' : 9. Wait for '5000' msec.\r\n'15-05-2014 08:52:33' - 'Pass' : 10. Desktop command: HoverOver on ItemMiddleTableCell\r\n'15-05-2014 08:52:34' - 'Pass' : 11. Desktop command: HoverOver on ItemMiddleTableCell0\r\n'15-05-2014 08:52:34' - 'Pass' : 12. Desktop command: LeftClick on ItemMiddleTableCell1\r\n'15-05-2014 08:52:39' - 'Pass' : 13. Wait for '5000' msec.\r\n'15-05-2014 08:52:40' - 'Pass' : 14. Click 'AddCategoryDiv'\r\n'15-05-2014 08:52:41' - 'Pass' : 15. Click 'ModaldialogHdDiv'\r\n'15-05-2014 08:52:41' - 'Pass' : 16. Enter text 'schedulereports28' in 'PyCategoryNameText'\r\n'15-05-2014 08:52:42' - 'Pass' : 17. Enter text 'schedulerports28' in 'PyCategoryDescriptionText'\r\n'15-05-2014 08:52:42' - 'Pass' : 18. Click 'ModalButtonSubmitButtonTag'\r\n'15-05-2014 08:52:47' - 'Pass' : 19. Wait for '5000' msec.\r\n------------------------------------------------------------\r\n'15-05-2014 08:52:47' - Overall Result: Pass\r\n'15-05-2014 08:52:47' - Duration: [0 min: 34 sec: 842 msec]\r\n------------------------------------------------------------\r\n\r\n<<< Test-as-Step 'EJBTesting\\Reports Scheduling\\Create new category for Report.tstest' log ends.\r\n\r\n'15-05-2014 08:53:20' - 'Pass' : 3. Execute test 'Add Report To Category.tstest'\r\n\r\n>>> Test-as-Step 'EJBTesting\\Reports Scheduling\\Add Report To Category.tstest' log starts:\r\n\r\nOverall Result: Pass\r\n------------------------------------------------------------\r\n'15-05-2014 08:52:48' - Detected custom code in test. Locating test assembly: PRPC.dll.\r\n'15-05-2014 08:52:48' - Assembly Found: C:\\Users\\jakkr\\Documents\\Test Studio Projects\\PRPC\\bin\\PRPC.dll\r\n'15-05-2014 08:52:48' - Loading code class: 'PRPC.Add_Report_To_Category'.\r\n------------------------------------------------------------\r\n------------------------------------------------------------\r\n'15-05-2014 08:52:48' - Enabling Html Popup Tracker. Test expecting Popups.\r\n'15-05-2014 08:52:48' - Using 'InternetExplorer' version '9.0' as default browser. \r\n'15-05-2014 08:52:48' - 'Pass' : 1. Click 'AddReportDiv'\r\n'15-05-2014 08:52:48' - 'Pass' : 2. Click 'ModaldialogHdDiv'\r\n'15-05-2014 08:52:49' - 'Pass' : 3. Click 'ModalButtonSubmitButtonTag'\r\n'15-05-2014 08:52:52' - 'Pass' : 4. Wait for '3000' msec.\r\n'15-05-2014 08:52:56' - 'Pass' : 5. Connect to pop-up window : '/prweb/PRServlet/rP_YUoU5v4VpHC7zgKdtRfYWDHA1OZuBMT3A8rk8PgI%5B*/!TABTHREAD0?pyActivity=Rule-Obj-Report-Definition.pzOpenNewReport&pzPrimaryPageName=TempNewReportPage'\r\n'15-05-2014 08:52:56' - 'NotRun' : 6. [Add_Report_To_Category_CodedStep] : New Coded Step\r\n'15-05-2014 08:52:56' - 'Pass' : 7. Click 'PEGALUCDiv'\r\n'15-05-2014 08:52:57' - 'Pass' : 8. Click 'PzCommandToolbarInnerPyReportContentPage37Link'\r\n'15-05-2014 08:53:02' - 'Pass' : 9. Click 'ModaldialogHdDiv'\r\n'15-05-2014 08:53:02' - 'Pass' : 10. Click 'CTDiv'\r\n'15-05-2014 08:53:03' - 'Pass' : 11. Select 'ByValue' option 'schedulereports28' on 'PyCategoryNameSelect'\r\n'15-05-2014 08:53:04' - 'Pass' : 12. Enter text 'mycandidatereports29' in 'PyStreamNameText'\r\n'15-05-2014 08:53:04' - 'Pass' : 13. Enter text 'mycandidatereports29' in 'PyReportTitleText'\r\n'15-05-2014 08:53:04' - 'Pass' : 14. Click 'ModalButtonSubmitButtonTag'\r\n'15-05-2014 08:53:09' - 'Pass' : 15. Wait for '5000' msec.\r\n'15-05-2014 08:53:10' - 'Pass' : 16. Click 'NavMiddleTableCell'\r\n'15-05-2014 08:53:15' - 'Pass' : 17. Wait for '5000' msec.\r\n'15-05-2014 08:53:15' - 'Pass' : 18. Click 'ApplyChangesDiv'\r\n'15-05-2014 08:53:15' - 'NotRun' : 19. Desktop command: LeftClick on ApplyChangesDiv\r\n'15-05-2014 08:53:20' - 'Pass' : 20. Wait for '5000' msec.\r\n'15-05-2014 08:53:20' - 'Pass' : 21. Click 'PEGALUCDiv'\r\n'15-05-2014 08:53:20' - 'Pass' : 22. Close pop-up window : '/prweb/PRServlet/rP_YUoU5v4VpHC7zgKdtRfYWDHA1OZuBMT3A8rk8PgI%5B*/!TABTHREAD0?pyActivity=Code-Pega-List.pzDisplayReportDesignMode&bDesignMode=false&reportconfigsec=none&pzPrimaryPageName=pyReportContentPage'\r\n------------------------------------------------------------\r\n'15-05-2014 08:53:20' - Overall Result: Pass\r\n'15-05-2014 08:53:20' - Duration: [0 min: 32 sec: 791 msec]\r\n------------------------------------------------------------\r\n\r\n<<< Test-as-Step 'EJBTesting\\Reports Scheduling\\Add Report To Category.tstest' log ends.\r\n\r\n'15-05-2014 08:54:22' - 'Fail' : 4. Execute test 'Schedule Report.tstest'\r\n\r\n>>> Test-as-Step 'EJBTesting\\Reports Scheduling\\Schedule Report.tstest' log starts:\r\n\r\nOverall Result: Fail\r\n------------------------------------------------------------\r\n'15-05-2014 08:53:21' - Enabling Html Popup Tracker. Test expecting Popups.\r\n'15-05-2014 08:53:21' - Using 'InternetExplorer' version '9.0' as default browser. \r\n'15-05-2014 08:54:22' - 'Fail' : 1. Click 'Div'\r\n------------------------------------------------------------\r\nFailure Information: \r\n~~~~~~~~~~~~~~~\r\nUnable to find the target host (Browser/SilverlightApp) to locate an element. Failure: Waiting for frame '[Frame:id=~PegaGadget,name=~PegaGadget,UseQuery:False]' timed out. Error: Wait for condition has timed out\r\nInnerException:\r\nSystem.Exception: Unable to find the target host (Browser/SilverlightApp) to locate an element. Failure: Waiting for frame '[Frame:id=~PegaGadget,name=~PegaGadget,UseQuery:False]' timed out. Error: Wait for condition has timed out\r\n   at ArtOfTest.WebAii.Design.Execution.ExecutionUtils.WaitForAllElements(IAutomationHost host, AutomationDescriptor descriptor, Int32 timeout)\r\n   at ArtOfTest.WebAii.Design.Execution.ExecutionEngine.ExecuteStep(Int32 order)\r\n------------------------------------------------------------\r\n'15-05-2014 08:54:22' - Detected a failure. Step is marked 'ContinueOnFailure=False' aborting test execution.\r\n------------------------------------------------------------\r\n'15-05-2014 08:54:22' - Overall Result: Fail\r\n'15-05-2014 08:54:22' - Duration: [1 min: 1 sec: 11 msec]\r\n------------------------------------------------------------\r\n\r\n<<< Test-as-Step 'EJBTesting\\Reports Scheduling\\Schedule Report.tstest' log ends.\r\n\r\nInnerException:\r\nSystem.Exception: Unable to find the target host (Browser/SilverlightApp) to locate an element. Failure: Waiting for frame '[Frame:id=~PegaGadget,name=~PegaGadget,UseQuery:False]' timed out. Error: Wait for condition has timed out\r\n   at ArtOfTest.WebAii.Design.Execution.ExecutionUtils.WaitForAllElements(IAutomationHost host, AutomationDescriptor descriptor, Int32 timeout)\r\n   at ArtOfTest.WebAii.Design.Execution.ExecutionEngine.ExecuteStep(Int32 order)\r\n------------------------------------------------------------\r\n'15-05-2014 08:54:22' - Detected a failure. Step is marked 'ContinueOnFailure=False' aborting test execution.\r\n------------------------------------------------------------\r\n'15-05-2014 08:54:22' - Overall Result: Fail\r\n'15-05-2014 08:54:22' - Duration: [2 min: 32 sec: 247 msec]\r\n------------------------------------------------------------\r\n------------------------------------------------------------\r\n'15-05-2014 08:54:22' - Overall Result: Fail\r\n'15-05-2014 08:54:22' - Duration: [2 min: 32 sec: 256 msec]\r\n------------------------------------------------------------\r\n'15-05-2014 08:54:24' - Test completed!\r\n\r\n","FailureException":{"__type":"ArtOfTest.Common.Design.Exceptions.ExecutionException","__value":{"message":"Unable to find the target host (Browser/SilverlightApp) to locate an element. Failure: Waiting for frame '[Frame:id=~PegaGadget,name=~PegaGadget,UseQuery:False]' timed out. Error: Wait for condition has timed out","DataProvider":{"__type":"ArtOfTest.Common.Design.Exceptions.ErrorDataProvider","__value":{"_info":{"HostState":{"__type":"ArtOfTest.WebAii.Design.AutomationHostState","__value":{"Mode":2,"DomFilePath":"Schedule Reports and message 130446661017745006_files\\Schedule Report_0_DomTreeOnFailure.txt","ImageFilePath":"Schedule Reports and message 130446661017745006_files\\Schedule Report_0_ImageOnFailure.png","ExpectedImageFilePath":null,"TechnologyType":1,"FriendlyName":"Capture Of 'Page (mycandidatereports29)' @15-05-2014 08:54:22"}}}}}}},"Result":1,"TestId":"74b04326-16fa-4c3e-9136-009f76f909ff","TestName":"Schedule Reports and message","TestPath":"EJBTesting\\Reports Scheduling\\Schedule Reports and message.tstest","TestOwner":"","TestDescription":"","ProjectPath":"","StepResults":[{"__type":"ArtOfTest.WebAii.Design.Execution.TestAsStepResult","__value":{"TestResult":{"__type":"ArtOfTest.WebAii.Design.Execution.TestResult","__value":{"Browser":0,"ExeType":5,"SeparatorLineCharCount":60,"Message":"Overall Result: Pass\r\n------------------------------------------------------------\r\n'15-05-2014 08:51:50' - Detected custom code in test. Locating test assembly: PRPC.dll.\r\n'15-05-2014 08:51:50' - Assembly Found: C:\\Users\\jakkr\\Documents\\Test Studio Projects\\PRPC\\bin\\PRPC.dll\r\n'15-05-2014 08:51:50' - Loading code class: 'PRPC.Set_mailid_for_appuser'.\r\n------------------------------------------------------------\r\n------------------------------------------------------------\r\n'15-05-2014 08:51:50' - Detected DataDriven Test. Starting data iterations.\r\n------------------------------------------------------------\r\n'15-05-2014 08:51:50' - [Iteration #1: (BaseURL=http://localhost:9080)(adminlogin=administrator@pega.com)(adminpassword=install)(hrservices jar=E:\\share\\HRServicesSample.jar)(candfn=fn1)(candln=ln1)(appuserlogin=sae1architect)(appuserpassword=rules)]\r\n------------------------------------------------------------\r\nOverall Result: Pass\r\n------------------------------------------------------------\r\n'15-05-2014 08:51:50' - Enabling Html Popup Tracker. Test expecting Popups.\r\n'15-05-2014 08:51:50' - Using 'InternetExplorer' version '9.0' as default browser. \r\n'15-05-2014 08:51:50' - 'Pass' : 1. [Set_mailid_for_appuser_CodedStep] : New Coded Step\r\n'15-05-2014 08:51:51' - 'Pass' : 2. Navigate to : '/prweb/PRServlet' - DataDriven: [$(BaseURL)]\r\n'15-05-2014 08:51:51' - 'Pass' : 3. Click 'TxtUserIDEmail'\r\n'15-05-2014 08:51:51' - 'Pass' : 4. Enter text 'SAE1Architect' in 'TxtUserIDEmail'\r\n'15-05-2014 08:51:51' - 'Pass' : 5. Enter text 'rules' in 'TxtPasswordPassword'\r\n'15-05-2014 08:51:54' - 'Pass' : 6. Click 'LogInSpan'\r\n'15-05-2014 08:51:59' - 'Pass' : 7. Wait for '5000' msec.\r\n'15-05-2014 08:52:00' - 'Pass' : 8. Click 'OperatorMenuLink'\r\n'15-05-2014 08:52:02' - 'Pass' : 9. Click 'ItemMiddleTableCell2'\r\n'15-05-2014 08:52:04' - 'Pass' : 10. Enter text 'ravi740136@gmail.com' in 'PyEmailAddressText'\r\n'15-05-2014 08:52:05' - 'Pass' : 11. Click 'SaveDiv'\r\n'15-05-2014 08:52:10' - 'Pass' : 12. Wait for '5000' msec.\r\n'15-05-2014 08:52:11' - 'Pass' : 13. Click 'OperatorMenuLink'\r\n'15-05-2014 08:52:12' - 'Pass' : 14. Click 'ItemMiddleTableCell2'\r\n------------------------------------------------------------\r\n'15-05-2014 08:52:12' - Overall Result: Pass\r\n'15-05-2014 08:52:12' - Duration: [0 min: 21 sec: 932 msec]\r\n------------------------------------------------------------\r\n------------------------------------------------------------\r\n'15-05-2014 08:52:12' - Overall Result: Pass\r\n'15-05-2014 08:52:12' - Duration: [0 min: 21 sec: 938 msec]\r\n------------------------------------------------------------\r\n\r\n","FailureException":null,"Result":0,"TestId":"5f3e0242-93be-4ea2-912d-3677a9b52cac","TestName":"Set mailid for appuser","TestPath":"EJBTesting\\Reports Scheduling\\Set mailid for appuser.tstest","TestOwner":"","TestDescription":"","ProjectPath":"","StepResults":[{"__type":"ArtOfTest.WebAii.Design.AutomationStepResult","__value":{"TestName":"Set mailid for appuser","TestPath":"EJBTesting\\Reports Scheduling\\Set mailid for appuser.tstest","TestId":"5f3e0242-93be-4ea2-912d-3677a9b52cac","TestStepIndex":0,"StepDescription":"[Set_mailid_for_appuser_CodedStep] : New Coded Step","Exception":null,"ResultType":0,"State":null,"Order":1,"LogMessageOnError":"","UserComment":null,"HashCode":2113398266,"IsManual":false,"WasStepEnabled":false}},{"__type":"ArtOfTest.WebAii.Design.AutomationStepResult","__value":{"TestName":"Set mailid for appuser","TestPath":"EJBTesting\\Reports Scheduling\\Set mailid for appuser.tstest","TestId":"5f3e0242-93be-4ea2-912d-3677a9b52cac","TestStepIndex":1,"StepDescription":"Navigate to : '/prweb/PRServlet' - DataDriven: [$(BaseURL)]","Exception":null,"ResultType":0,"State":null,"Order":2,"LogMessageOnError":"","UserComment":null,"HashCode":1347723235,"IsManual":false,"WasStepEnabled":false}},{"__type":"ArtOfTest.WebAii.Design.AutomationStepResult","__value":{"TestName":"Set mailid for appuser","TestPath":"EJBTesting\\Reports Scheduling\\Set mailid for appuser.tstest","TestId":"5f3e0242-93be-4ea2-912d-3677a9b52cac","TestStepIndex":2,"StepDescription":"Click 'TxtUserIDEmail'","Exception":null,"ResultType":0,"State":null,"Order":3,"LogMessageOnError":"","UserComment":null,"HashCode":2087960562,"IsManual":false,"WasStepEnabled":false}},{"__type":"ArtOfTest.WebAii.Design.AutomationStepResult","__value":{"TestName":"Set mailid for appuser","TestPath":"EJBTesting\\Reports Scheduling\\Set mailid for appuser.tstest","TestId":"5f3e0242-93be-4ea2-912d-3677a9b52cac","TestStepIndex":3,"StepDescription":"Enter text 'SAE1Architect' in 'TxtUserIDEmail'","Exception":null,"ResultType":0,"State":null,"Order":4,"LogMessageOnError":"","UserComment":null,"HashCode":1106498606,"IsManual":false,"WasStepEnabled":false}},{"__type":"ArtOfTest.WebAii.Design.AutomationStepResult","__value":{"TestName":"Set mailid for appuser","TestPath":"EJBTesting\\Reports Scheduling\\Set mailid for appuser.tstest","TestId":"5f3e0242-93be-4ea2-912d-3677a9b52cac","TestStepIndex":4,"StepDescription":"Enter text 'rules' in 'TxtPasswordPassword'","Exception":null,"ResultType":0,"State":null,"Order":5,"LogMessageOnError":"","UserComment":null,"HashCode":1106498607,"IsManual":false,"WasStepEnabled":false}},{"__type":"ArtOfTest.WebAii.Design.AutomationStepResult","__value":{"TestName":"Set mailid for appuser","TestPath":"EJBTesting\\Reports Scheduling\\Set mailid for appuser.tstest","TestId":"5f3e0242-93be-4ea2-912d-3677a9b52cac","TestStepIndex":5,"StepDescription":"Click 'LogInSpan'","Exception":null,"ResultType":0,"State":null,"Order":6,"LogMessageOnError":"","UserComment":null,"HashCode":2087960565,"IsManual":false,"WasStepEnabled":false}},{"__type":"ArtOfTest.WebAii.Design.AutomationStepResult","__value":{"TestName":"Set mailid for appuser","TestPath":"EJBTesting\\Reports Scheduling\\Set mailid for appuser.tstest","TestId":"5f3e0242-93be-4ea2-912d-3677a9b52cac","TestStepIndex":6,"StepDescription":"Wait for '5000' msec.","Exception":null,"ResultType":0,"State":null,"Order":7,"LogMessageOnError":"","UserComment":null,"HashCode":-1280481824,"IsManual":false,"WasStepEnabled":false}},{"__type":"ArtOfTest.WebAii.Design.AutomationStepResult","__value":{"TestName":"Set mailid for appuser","TestPath":"EJBTesting\\Reports Scheduling\\Set mailid for appuser.tstest","TestId":"5f3e0242-93be-4ea2-912d-3677a9b52cac","TestStepIndex":7,"StepDescription":"Click 'OperatorMenuLink'","Exception":null,"ResultType":0,"State":null,"Order":8,"LogMessageOnError":"","UserComment":null,"HashCode":2087960567,"IsManual":false,"WasStepEnabled":false}},{"__type":"ArtOfTest.WebAii.Design.AutomationStepResult","__value":{"TestName":"Set mailid for appuser","TestPath":"EJBTesting\\Reports Scheduling\\Set mailid for appuser.tstest","TestId":"5f3e0242-93be-4ea2-912d-3677a9b52cac","TestStepIndex":8,"StepDescription":"Click 'ItemMiddleTableCell2'","Exception":null,"ResultType":0,"State":null,"Order":9,"LogMessageOnError":"","UserComment":null,"HashCode":2087960568,"IsManual":false,"WasStepEnabled":false}},{"__type":"ArtOfTest.WebAii.Design.AutomationStepResult","__value":{"TestName":"Set mailid for appuser","TestPath":"EJBTesting\\Reports Scheduling\\Set mailid for appuser.tstest","TestId":"5f3e0242-93be-4ea2-912d-3677a9b52cac","TestStepIndex":9,"StepDescription":"Enter text 'ravi740136@gmail.com' in 'PyEmailAddressText'","Exception":null,"ResultType":0,"State":null,"Order":10,"LogMessageOnError":"","UserComment":null,"HashCode":1106498612,"IsManual":false,"WasStepEnabled":false}},{"__type":"ArtOfTest.WebAii.Design.AutomationStepResult","__value":{"TestName":"Set mailid for appuser","TestPath":"EJBTesting\\Reports Scheduling\\Set mailid for appuser.tstest","TestId":"5f3e0242-93be-4ea2-912d-3677a9b52cac","TestStepIndex":10,"StepDescription":"Click 'SaveDiv'","Exception":null,"ResultType":0,"State":null,"Order":11,"LogMessageOnError":"","UserComment":null,"HashCode":2087960570,"IsManual":false,"WasStepEnabled":false}},{"__type":"ArtOfTest.WebAii.Design.AutomationStepResult","__value":{"TestName":"Set mailid for appuser","TestPath":"EJBTesting\\Reports Scheduling\\Set mailid for appuser.tstest","TestId":"5f3e0242-93be-4ea2-912d-3677a9b52cac","TestStepIndex":11,"StepDescription":"Wait for '5000' msec.","Exception":null,"ResultType":0,"State":null,"Order":12,"LogMessageOnError":"","UserComment":null,"HashCode":-1280481819,"IsManual":false,"WasStepEnabled":false}},{"__type":"ArtOfTest.WebAii.Design.AutomationStepResult","__value":{"TestName":"Set mailid for appuser","TestPath":"EJBTesting\\Reports Scheduling\\Set mailid for appuser.tstest","TestId":"5f3e0242-93be-4ea2-912d-3677a9b52cac","TestStepIndex":12,"StepDescription":"Click 'OperatorMenuLink'","Exception":null,"ResultType":0,"State":null,"Order":13,"LogMessageOnError":"","UserComment":null,"HashCode":2087960572,"IsManual":false,"WasStepEnabled":false}},{"__type":"ArtOfTest.WebAii.Design.AutomationStepResult","__value":{"TestName":"Set mailid for appuser","TestPath":"EJBTesting\\Reports Scheduling\\Set mailid for appuser.tstest","TestId":"5f3e0242-93be-4ea2-912d-3677a9b52cac","TestStepIndex":13,"StepDescription":"Click 'ItemMiddleTableCell2'","Exception":null,"ResultType":0,"State":null,"Order":14,"LogMessageOnError":"","UserComment":null,"HashCode":2087960573,"IsManual":false,"WasStepEnabled":false}}],"NotRunStepDescriptions":[],"TotalPassedSteps":14,"ExecutingTestStepCount":14,"TotalNumberOfNotRunSteps":0,"IsDataDrivenResult":true,"DataIterationResults":[{"__type":"ArtOfTest.WebAii.Design.Execution.DataIterationResult","__value":{"Result":{"__type":"ArtOfTest.WebAii.Design.Execution.TestResult","__value":{"Browser":0,"ExeType":5,"SeparatorLineCharCount":60,"Message":"Overall Result: Pass\r\n------------------------------------------------------------\r\n'15-05-2014 08:51:50' - Enabling Html Popup Tracker. Test expecting Popups.\r\n'15-05-2014 08:51:50' - Using 'InternetExplorer' version '9.0' as default browser. \r\n'15-05-2014 08:51:50' - 'Pass' : 1. [Set_mailid_for_appuser_CodedStep] : New Coded Step\r\n'15-05-2014 08:51:51' - 'Pass' : 2. Navigate to : '/prweb/PRServlet' - DataDriven: [$(BaseURL)]\r\n'15-05-2014 08:51:51' - 'Pass' : 3. Click 'TxtUserIDEmail'\r\n'15-05-2014 08:51:51' - 'Pass' : 4. Enter text 'SAE1Architect' in 'TxtUserIDEmail'\r\n'15-05-2014 08:51:51' - 'Pass' : 5. Enter text 'rules' in 'TxtPasswordPassword'\r\n'15-05-2014 08:51:54' - 'Pass' : 6. Click 'LogInSpan'\r\n'15-05-2014 08:51:59' - 'Pass' : 7. Wait for '5000' msec.\r\n'15-05-2014 08:52:00' - 'Pass' : 8. Click 'OperatorMenuLink'\r\n'15-05-2014 08:52:02' - 'Pass' : 9. Click 'ItemMiddleTableCell2'\r\n'15-05-2014 08:52:04' - 'Pass' : 10. Enter text 'ravi740136@gmail.com' in 'PyEmailAddressText'\r\n'15-05-2014 08:52:05' - 'Pass' : 11. Click 'SaveDiv'\r\n'15-05-2014 08:52:10' - 'Pass' : 12. Wait for '5000' msec.\r\n'15-05-2014 08:52:11' - 'Pass' : 13. Click 'OperatorMenuLink'\r\n'15-05-2014 08:52:12' - 'Pass' : 14. Click 'ItemMiddleTableCell2'\r\n------------------------------------------------------------\r\n'15-05-2014 08:52:12' - Overall Result: Pass\r\n'15-05-2014 08:52:12' - Duration: [0 min: 21 sec: 932 msec]\r\n------------------------------------------------------------\r\n\r\n","FailureException":null,"Result":0,"TestId":"5f3e0242-93be-4ea2-912d-3677a9b52cac","TestName":"Set mailid for appuser","TestPath":"EJBTesting\\Reports Scheduling\\Set mailid for appuser.tstest","TestOwner":"","TestDescription":"","ProjectPath":"","StepResults":[{"__type":"ArtOfTest.WebAii.Design.AutomationStepResult","__value":{"TestName":"Set mailid for appuser","TestPath":"EJBTesting\\Reports Scheduling\\Set mailid for appuser.tstest","TestId":"5f3e0242-93be-4ea2-912d-3677a9b52cac","TestStepIndex":0,"StepDescription":"[Set_mailid_for_appuser_CodedStep] : New Coded Step","Exception":null,"ResultType":0,"State":null,"Order":1,"LogMessageOnError":"","UserComment":null,"HashCode":2113398266,"IsManual":false,"WasStepEnabled":false}},{"__type":"ArtOfTest.WebAii.Design.AutomationStepResult","__value":{"TestName":"Set mailid for appuser","TestPath":"EJBTesting\\Reports Scheduling\\Set mailid for appuser.tstest","TestId":"5f3e0242-93be-4ea2-912d-3677a9b52cac","TestStepIndex":1,"StepDescription":"Navigate to : '/prweb/PRServlet' - DataDriven: [$(BaseURL)]","Exception":null,"ResultType":0,"State":null,"Order":2,"LogMessageOnError":"","UserComment":null,"HashCode":1347723235,"IsManual":false,"WasStepEnabled":false}},{"__type":"ArtOfTest.WebAii.Design.AutomationStepResult","__value":{"TestName":"Set mailid for appuser","TestPath":"EJBTesting\\Reports Scheduling\\Set mailid for appuser.tstest","TestId":"5f3e0242-93be-4ea2-912d-3677a9b52cac","TestStepIndex":2,"StepDescription":"Click 'TxtUserIDEmail'","Exception":null,"ResultType":0,"State":null,"Order":3,"LogMessageOnError":"","UserComment":null,"HashCode":2087960562,"IsManual":false,"WasStepEnabled":false}},{"__type":"ArtOfTest.WebAii.Design.AutomationStepResult","__value":{"TestName":"Set mailid for appuser","TestPath":"EJBTesting\\Reports Scheduling\\Set mailid for appuser.tstest","TestId":"5f3e0242-93be-4ea2-912d-3677a9b52cac","TestStepIndex":3,"StepDescription":"Enter text 'SAE1Architect' in 'TxtUserIDEmail'","Exception":null,"ResultType":0,"State":null,"Order":4,"LogMessageOnError":"","UserComment":null,"HashCode":1106498606,"IsManual":false,"WasStepEnabled":false}},{"__type":"ArtOfTest.WebAii.Design.AutomationStepResult","__value":{"TestName":"Set mailid for appuser","TestPath":"EJBTesting\\Reports Scheduling\\Set mailid for appuser.tstest","TestId":"5f3e0242-93be-4ea2-912d-3677a9b52cac","TestStepIndex":4,"StepDescription":"Enter text 'rules' in 'TxtPasswordPassword'","Exception":null,"ResultType":0,"State":null,"Order":5,"LogMessageOnError":"","UserComment":null,"HashCode":1106498607,"IsManual":false,"WasStepEnabled":false}},{"__type":"ArtOfTest.WebAii.Design.AutomationStepResult","__value":{"TestName":"Set mailid for appuser","TestPath":"EJBTesting\\Reports Scheduling\\Set mailid for appuser.tstest","TestId":"5f3e0242-93be-4ea2-912d-3677a9b52cac","TestStepIndex":5,"StepDescription":"Click 'LogInSpan'","Exception":null,"ResultType":0,"State":null,"Order":6,"LogMessageOnError":"","UserComment":null,"HashCode":2087960565,"IsManual":false,"WasStepEnabled":false}},{"__type":"ArtOfTest.WebAii.Design.AutomationStepResult","__value":{"TestName":"Set mailid for appuser","TestPath":"EJBTesting\\Reports Scheduling\\Set mailid for appuser.tstest","TestId":"5f3e0242-93be-4ea2-912d-3677a9b52cac","TestStepIndex":6,"StepDescription":"Wait for '5000' msec.","Exception":null,"ResultType":0,"State":null,"Order":7,"LogMessageOnError":"","UserComment":null,"HashCode":-1280481824,"IsManual":false,"WasStepEnabled":false}},{"__type":"ArtOfTest.WebAii.Design.AutomationStepResult","__value":{"TestName":"Set mailid for appuser","TestPath":"EJBTesting\\Reports Scheduling\\Set mailid for appuser.tstest","TestId":"5f3e0242-93be-4ea2-912d-3677a9b52cac","TestStepIndex":7,"StepDescription":"Click 'OperatorMenuLink'","Exception":null,"ResultType":0,"State":null,"Order":8,"LogMessageOnError":"","UserComment":null,"HashCode":2087960567,"IsManual":false,"WasStepEnabled":false}},{"__type":"ArtOfTest.WebAii.Design.AutomationStepResult","__value":{"TestName":"Set mailid for appuser","TestPath":"EJBTesting\\Reports Scheduling\\Set mailid for appuser.tstest","TestId":"5f3e0242-93be-4ea2-912d-3677a9b52cac","TestStepIndex":8,"StepDescription":"Click 'ItemMiddleTableCell2'","Exception":null,"ResultType":0,"State":null,"Order":9,"LogMessageOnError":"","UserComment":null,"HashCode":2087960568,"IsManual":false,"WasStepEnabled":false}},{"__type":"ArtOfTest.WebAii.Design.AutomationStepResult","__value":{"TestName":"Set mailid for appuser","TestPath":"EJBTesting\\Reports Scheduling\\Set mailid for appuser.tstest","TestId":"5f3e0242-93be-4ea2-912d-3677a9b52cac","TestStepIndex":9,"StepDescription":"Enter text 'ravi740136@gmail.com' in 'PyEmailAddressText'","Exception":null,"ResultType":0,"State":null,"Order":10,"LogMessageOnError":"","UserComment":null,"HashCode":1106498612,"IsManual":false,"WasStepEnabled":false}},{"__type":"ArtOfTest.WebAii.Design.AutomationStepResult","__value":{"TestName":"Set mailid for appuser","TestPath":"EJBTesting\\Reports Scheduling\\Set mailid for appuser.tstest","TestId":"5f3e0242-93be-4ea2-912d-3677a9b52cac","TestStepIndex":10,"StepDescription":"Click 'SaveDiv'","Exception":null,"ResultType":0,"State":null,"Order":11,"LogMessageOnError":"","UserComment":null,"HashCode":2087960570,"IsManual":false,"WasStepEnabled":false}},{"__type":"ArtOfTest.WebAii.Design.AutomationStepResult","__value":{"TestName":"Set mailid for appuser","TestPath":"EJBTesting\\Reports Scheduling\\Set mailid for appuser.tstest","TestId":"5f3e0242-93be-4ea2-912d-3677a9b52cac","TestStepIndex":11,"StepDescription":"Wait for '5000' msec.","Exception":null,"ResultType":0,"State":null,"Order":12,"LogMessageOnError":"","UserComment":null,"HashCode":-1280481819,"IsManual":false,"WasStepEnabled":false}},{"__type":"ArtOfTest.WebAii.Design.AutomationStepResult","__value":{"TestName":"Set mailid for appuser","TestPath":"EJBTesting\\Reports Scheduling\\Set mailid for appuser.tstest","TestId":"5f3e0242-93be-4ea2-912d-3677a9b52cac","TestStepIndex":12,"StepDescription":"Click 'OperatorMenuLink'","Exception":null,"ResultType":0,"State":null,"Order":13,"LogMessageOnError":"","UserComment":null,"HashCode":2087960572,"IsManual":false,"WasStepEnabled":false}},{"__type":"ArtOfTest.WebAii.Design.AutomationStepResult","__value":{"TestName":"Set mailid for appuser","TestPath":"EJBTesting\\Reports Scheduling\\Set mailid for appuser.tstest","TestId":"5f3e0242-93be-4ea2-912d-3677a9b52cac","TestStepIndex":13,"StepDescription":"Click 'ItemMiddleTableCell2'","Exception":null,"ResultType":0,"State":null,"Order":14,"LogMessageOnError":"","UserComment":null,"HashCode":2087960573,"IsManual":false,"WasStepEnabled":false}}],"NotRunStepDescriptions":[],"TotalPassedSteps":14,"ExecutingTestStepCount":14,"TotalNumberOfNotRunSteps":0,"IsDataDrivenResult":false,"DataIterationResults":[],"EndTime":"2014-05-15T08:52:12.4835712-04:00","StartTime":"2014-05-15T08:51:50.5513782-04:00","ProfilerResultsPath":null,"VersionGroupKey":"00000000-0000-0000-0000-000000000000","CommitedBy":null}},"Iteration":"[Iteration #1: (BaseURL=http://localhost:9080)(adminlogin=administrator@pega.com)(adminpassword=install)(hrservices jar=E:\\share\\HRServicesSample.jar)(candfn=fn1)(candln=ln1)(appuserlogin=sae1architect)(appuserpassword=rules)]"}}],"EndTime":"2014-05-15T08:52:12.4885717-04:00","StartTime":"2014-05-15T08:51:50.5503781-04:00","ProfilerResultsPath":null,"VersionGroupKey":"00000000-0000-0000-0000-000000000000","CommitedBy":null}},"ResultType":0,"Exception":null,"TestName":"Schedule Reports and message","TestPath":"EJBTesting\\Reports Scheduling\\Schedule Reports and message.tstest","TestId":"74b04326-16fa-4c3e-9136-009f76f909ff","TestStepIndex":0,"StepDescription":"Execute test 'Set mailid for appuser.tstest'","State":null,"Order":1,"LogMessageOnError":"","UserComment":null,"HashCode":-832664899,"IsManual":false,"WasStepEnabled":false}},{"__type":"ArtOfTest.WebAii.Design.Execution.TestAsStepResult","__value":{"TestResult":{"__type":"ArtOfTest.WebAii.Design.Execution.TestResult","__value":{"Browser":0,"ExeType":5,"SeparatorLineCharCount":60,"Message":"Overall Result: Pass\r\n------------------------------------------------------------\r\n'15-05-2014 08:52:12' - Enabling Html Popup Tracker. Test expecting Popups.\r\n'15-05-2014 08:52:12' - Using 'InternetExplorer' version '9.0' as default browser. \r\n'15-05-2014 08:52:12' - 'NotRun' : 1. Navigate to : '/prweb/PRServlet' - DataDriven: [$(BaseURL)]\r\n'15-05-2014 08:52:17' - 'Pass' : 2. Wait for '5000' msec.\r\n'15-05-2014 08:52:17' - 'Pass' : 3. Click 'TxtUserIDEmail'\r\n'15-05-2014 08:52:18' - 'Pass' : 4. Enter text 'SAE1Architect' in 'TxtUserIDEmail'\r\n'15-05-2014 08:52:18' - 'Pass' : 5. Enter text 'rules' in 'TxtPasswordPassword'\r\n'15-05-2014 08:52:23' - 'Pass' : 6. Click 'LogInSpan'\r\n'15-05-2014 08:52:28' - 'Pass' : 7. Wait for '5000' msec.\r\n'15-05-2014 08:52:28' - 'Pass' : 8. Click 'ItemMiddleLink'\r\n'15-05-2014 08:52:33' - 'Pass' : 9. Wait for '5000' msec.\r\n'15-05-2014 08:52:33' - 'Pass' : 10. Desktop command: HoverOver on ItemMiddleTableCell\r\n'15-05-2014 08:52:34' - 'Pass' : 11. Desktop command: HoverOver on ItemMiddleTableCell0\r\n'15-05-2014 08:52:34' - 'Pass' : 12. Desktop command: LeftClick on ItemMiddleTableCell1\r\n'15-05-2014 08:52:39' - 'Pass' : 13. Wait for '5000' msec.\r\n'15-05-2014 08:52:40' - 'Pass' : 14. Click 'AddCategoryDiv'\r\n'15-05-2014 08:52:41' - 'Pass' : 15. Click 'ModaldialogHdDiv'\r\n'15-05-2014 08:52:41' - 'Pass' : 16. Enter text 'schedulereports28' in 'PyCategoryNameText'\r\n'15-05-2014 08:52:42' - 'Pass' : 17. Enter text 'schedulerports28' in 'PyCategoryDescriptionText'\r\n'15-05-2014 08:52:42' - 'Pass' : 18. Click 'ModalButtonSubmitButtonTag'\r\n'15-05-2014 08:52:47' - 'Pass' : 19. Wait for '5000' msec.\r\n------------------------------------------------------------\r\n'15-05-2014 08:52:47' - Overall Result: Pass\r\n'15-05-2014 08:52:47' - Duration: [0 min: 34 sec: 842 msec]\r\n------------------------------------------------------------\r\n\r\n","FailureException":null,"Result":0,"TestId":"ce548343-fb77-494d-8b70-b69d81150159","TestName":"Create new category for Report","TestPath":"EJBTesting\\Reports Scheduling\\Create new category for Report.tstest","TestOwner":"","TestDescription":"","ProjectPath":"","StepResults":[{"__type":"ArtOfTest.WebAii.Design.AutomationStepResult","__value":{"TestName":"Create new category for Report","TestPath":"EJBTesting\\Reports Scheduling\\Create new category for Report.tstest","TestId":"ce548343-fb77-494d-8b70-b69d81150159","TestStepIndex":0,"StepDescription":"Navigate to : '/prweb/PRServlet' - DataDriven: [$(BaseURL)]","Exception":null,"ResultType":2,"State":null,"Order":1,"LogMessageOnError":"","UserComment":null,"HashCode":1347723234,"IsManual":false,"WasStepEnabled":false}},{"__type":"ArtOfTest.WebAii.Design.AutomationStepResult","__value":{"TestName":"Create new category for Report","TestPath":"EJBTesting\\Reports Scheduling\\Create new category for Report.tstest","TestId":"ce548343-fb77-494d-8b70-b69d81150159","TestStepIndex":1,"StepDescription":"Wait for '5000' msec.","Exception":null,"ResultType":0,"State":null,"Order":2,"LogMessageOnError":"","UserComment":null,"HashCode":-1280481829,"IsManual":false,"WasStepEnabled":false}},{"__type":"ArtOfTest.WebAii.Design.AutomationStepResult","__value":{"TestName":"Create new category for Report","TestPath":"EJBTesting\\Reports Scheduling\\Create new category for Report.tstest","TestId":"ce548343-fb77-494d-8b70-b69d81150159","TestStepIndex":2,"StepDescription":"Click 'TxtUserIDEmail'","Exception":null,"ResultType":0,"State":null,"Order":3,"LogMessageOnError":"","UserComment":null,"HashCode":2087960562,"IsManual":false,"WasStepEnabled":false}},{"__type":"ArtOfTest.WebAii.Design.AutomationStepResult","__value":{"TestName":"Create new category for Report","TestPath":"EJBTesting\\Reports Scheduling\\Create new category for Report.tstest","TestId":"ce548343-fb77-494d-8b70-b69d81150159","TestStepIndex":3,"StepDescription":"Enter text 'SAE1Architect' in 'TxtUserIDEmail'","Exception":null,"ResultType":0,"State":null,"Order":4,"LogMessageOnError":"","UserComment":null,"HashCode":1106498606,"IsManual":false,"WasStepEnabled":false}},{"__type":"ArtOfTest.WebAii.Design.AutomationStepResult","__value":{"TestName":"Create new category for Report","TestPath":"EJBTesting\\Reports Scheduling\\Create new category for Report.tstest","TestId":"ce548343-fb77-494d-8b70-b69d81150159","TestStepIndex":4,"StepDescription":"Enter text 'rules' in 'TxtPasswordPassword'","Exception":null,"ResultType":0,"State":null,"Order":5,"LogMessageOnError":"","UserComment":null,"HashCode":1106498607,"IsManual":false,"WasStepEnabled":false}},{"__type":"ArtOfTest.WebAii.Design.AutomationStepResult","__value":{"TestName":"Create new category for Report","TestPath":"EJBTesting\\Reports Scheduling\\Create new category for Report.tstest","TestId":"ce548343-fb77-494d-8b70-b69d81150159","TestStepIndex":5,"StepDescription":"Click 'LogInSpan'","Exception":null,"ResultType":0,"State":null,"Order":6,"LogMessageOnError":"","UserComment":null,"HashCode":2087960565,"IsManual":false,"WasStepEnabled":false}},{"__type":"ArtOfTest.WebAii.Design.AutomationStepResult","__value":{"TestName":"Create new category for Report","TestPath":"EJBTesting\\Reports Scheduling\\Create new category for Report.tstest","TestId":"ce548343-fb77-494d-8b70-b69d81150159","TestStepIndex":6,"StepDescription":"Wait for '5000' msec.","Exception":null,"ResultType":0,"State":null,"Order":7,"LogMessageOnError":"","UserComment":null,"HashCode":-1280481824,"IsManual":false,"WasStepEnabled":false}},{"__type":"ArtOfTest.WebAii.Design.AutomationStepResult","__value":{"TestName":"Create new category for Report","TestPath":"EJBTesting\\Reports Scheduling\\Create new category for Report.tstest","TestId":"ce548343-fb77-494d-8b70-b69d81150159","TestStepIndex":7,"StepDescription":"Click 'ItemMiddleLink'","Exception":null,"ResultType":0,"State":null,"Order":8,"LogMessageOnError":"","UserComment":null,"HashCode":2087960567,"IsManual":false,"WasStepEnabled":false}},{"__type":"ArtOfTest.WebAii.Design.AutomationStepResult","__value":{"TestName":"Create new category for Report","TestPath":"EJBTesting\\Reports Scheduling\\Create new category for Report.tstest","TestId":"ce548343-fb77-494d-8b70-b69d81150159","TestStepIndex":8,"StepDescription":"Wait for '5000' msec.","Exception":null,"ResultType":0,"State":null,"Order":9,"LogMessageOnError":"","UserComment":null,"HashCode":-1280481822,"IsManual":false,"WasStepEnabled":false}},{"__type":"ArtOfTest.WebAii.Design.AutomationStepResult","__value":{"TestName":"Create new category for Report","TestPath":"EJBTesting\\Reports Scheduling\\Create new category for Report.tstest","TestId":"ce548343-fb77-494d-8b70-b69d81150159","TestStepIndex":9,"StepDescription":"Desktop command: HoverOver on ItemMiddleTableCell","Exception":null,"ResultType":0,"State":null,"Order":10,"LogMessageOnError":"","UserComment":null,"HashCode":1877738760,"IsManual":false,"WasStepEnabled":false}},{"__type":"ArtOfTest.WebAii.Design.AutomationStepResult","__value":{"TestName":"Create new category for Report","TestPath":"EJBTesting\\Reports Scheduling\\Create new category for Report.tstest","TestId":"ce548343-fb77-494d-8b70-b69d81150159","TestStepIndex":10,"StepDescription":"Desktop command: HoverOver on ItemMiddleTableCell0","Exception":null,"ResultType":0,"State":null,"Order":11,"LogMessageOnError":"","UserComment":null,"HashCode":1877738761,"IsManual":false,"WasStepEnabled":false}},{"__type":"ArtOfTest.WebAii.Design.AutomationStepResult","__value":{"TestName":"Create new category for Report","TestPath":"EJBTesting\\Reports Scheduling\\Create new category for Report.tstest","TestId":"ce548343-fb77-494d-8b70-b69d81150159","TestStepIndex":11,"StepDescription":"Desktop command: LeftClick on ItemMiddleTableCell1","Exception":null,"ResultType":0,"State":null,"Order":12,"LogMessageOnError":"","UserComment":null,"HashCode":1877738762,"IsManual":false,"WasStepEnabled":false}},{"__type":"ArtOfTest.WebAii.Design.AutomationStepResult","__value":{"TestName":"Create new category for Report","TestPath":"EJBTesting\\Reports Scheduling\\Create new category for Report.tstest","TestId":"ce548343-fb77-494d-8b70-b69d81150159","TestStepIndex":12,"StepDescription":"Wait for '5000' msec.","Exception":null,"ResultType":0,"State":null,"Order":13,"LogMessageOnError":"","UserComment":null,"HashCode":-1280481818,"IsManual":false,"WasStepEnabled":false}},{"__type":"ArtOfTest.WebAii.Design.AutomationStepResult","__value":{"TestName":"Create new category for Report","TestPath":"EJBTesting\\Reports Scheduling\\Create new category for Report.tstest","TestId":"ce548343-fb77-494d-8b70-b69d81150159","TestStepIndex":13,"StepDescription":"Click 'AddCategoryDiv'","Exception":null,"ResultType":0,"State":null,"Order":14,"LogMessageOnError":"","UserComment":null,"HashCode":2087960573,"IsManual":false,"WasStepEnabled":false}},{"__type":"ArtOfTest.WebAii.Design.AutomationStepResult","__value":{"TestName":"Create new category for Report","TestPath":"EJBTesting\\Reports Scheduling\\Create new category for Report.tstest","TestId":"ce548343-fb77-494d-8b70-b69d81150159","TestStepIndex":14,"StepDescription":"Click 'ModaldialogHdDiv'","Exception":null,"ResultType":0,"State":null,"Order":15,"LogMessageOnError":"","UserComment":null,"HashCode":2087960574,"IsManual":false,"WasStepEnabled":false}},{"__type":"ArtOfTest.WebAii.Design.AutomationStepResult","__value":{"TestName":"Create new category for Report","TestPath":"EJBTesting\\Reports Scheduling\\Create new category for Report.tstest","TestId":"ce548343-fb77-494d-8b70-b69d81150159","TestStepIndex":15,"StepDescription":"Enter text 'schedulereports28' in 'PyCategoryNameText'","Exception":null,"ResultType":0,"State":null,"Order":16,"LogMessageOnError":"","UserComment":null,"HashCode":1106498618,"IsManual":false,"WasStepEnabled":false}},{"__type":"ArtOfTest.WebAii.Design.AutomationStepResult","__value":{"TestName":"Create new category for Report","TestPath":"EJBTesting\\Reports Scheduling\\Create new category for Report.tstest","TestId":"ce548343-fb77-494d-8b70-b69d81150159","TestStepIndex":16,"StepDescription":"Enter text 'schedulerports28' in 'PyCategoryDescriptionText'","Exception":null,"ResultType":0,"State":null,"Order":17,"LogMessageOnError":"","UserComment":null,"HashCode":1106498619,"IsManual":false,"WasStepEnabled":false}},{"__type":"ArtOfTest.WebAii.Design.AutomationStepResult","__value":{"TestName":"Create new category for Report","TestPath":"EJBTesting\\Reports Scheduling\\Create new category for Report.tstest","TestId":"ce548343-fb77-494d-8b70-b69d81150159","TestStepIndex":17,"StepDescription":"Click 'ModalButtonSubmitButtonTag'","Exception":null,"ResultType":0,"State":null,"Order":18,"LogMessageOnError":"","UserComment":null,"HashCode":2087960577,"IsManual":false,"WasStepEnabled":false}},{"__type":"ArtOfTest.WebAii.Design.AutomationStepResult","__value":{"TestName":"Create new category for Report","TestPath":"EJBTesting\\Reports Scheduling\\Create new category for Report.tstest","TestId":"ce548343-fb77-494d-8b70-b69d81150159","TestStepIndex":18,"StepDescription":"Wait for '5000' msec.","Exception":null,"ResultType":0,"State":null,"Order":19,"LogMessageOnError":"","UserComment":null,"HashCode":-1280481812,"IsManual":false,"WasStepEnabled":false}}],"NotRunStepDescriptions":[],"TotalPassedSteps":18,"ExecutingTestStepCount":18,"TotalNumberOfNotRunSteps":1,"IsDataDrivenResult":false,"DataIterationResults":[],"EndTime":"2014-05-15T08:52:47.7520977-04:00","StartTime":"2014-05-15T08:52:12.9096138-04:00","ProfilerResultsPath":null,"VersionGroupKey":"00000000-0000-0000-0000-000000000000","CommitedBy":null}},"ResultType":0,"Exception":null,"TestName":"Schedule Reports and message","TestPath":"EJBTesting\\Reports Scheduling\\Schedule Reports and message.tstest","TestId":"74b04326-16fa-4c3e-9136-009f76f909ff","TestStepIndex":1,"StepDescription":"Execute test 'Create new category for Report.tstest'","State":null,"Order":2,"LogMessageOnError":"","UserComment":null,"HashCode":-832664898,"IsManual":false,"WasStepEnabled":false}},{"__type":"ArtOfTest.WebAii.Design.Execution.TestAsStepResult","__value":{"TestResult":{"__type":"ArtOfTest.WebAii.Design.Execution.TestResult","__value":{"Browser":0,"ExeType":5,"SeparatorLineCharCount":60,"Message":"Overall Result: Pass\r\n------------------------------------------------------------\r\n'15-05-2014 08:52:48' - Detected custom code in test. Locating test assembly: PRPC.dll.\r\n'15-05-2014 08:52:48' - Assembly Found: C:\\Users\\jakkr\\Documents\\Test Studio Projects\\PRPC\\bin\\PRPC.dll\r\n'15-05-2014 08:52:48' - Loading code class: 'PRPC.Add_Report_To_Category'.\r\n------------------------------------------------------------\r\n------------------------------------------------------------\r\n'15-05-2014 08:52:48' - Enabling Html Popup Tracker. Test expecting Popups.\r\n'15-05-2014 08:52:48' - Using 'InternetExplorer' version '9.0' as default browser. \r\n'15-05-2014 08:52:48' - 'Pass' : 1. Click 'AddReportDiv'\r\n'15-05-2014 08:52:48' - 'Pass' : 2. Click 'ModaldialogHdDiv'\r\n'15-05-2014 08:52:49' - 'Pass' : 3. Click 'ModalButtonSubmitButtonTag'\r\n'15-05-2014 08:52:52' - 'Pass' : 4. Wait for '3000' msec.\r\n'15-05-2014 08:52:56' - 'Pass' : 5. Connect to pop-up window : '/prweb/PRServlet/rP_YUoU5v4VpHC7zgKdtRfYWDHA1OZuBMT3A8rk8PgI%5B*/!TABTHREAD0?pyActivity=Rule-Obj-Report-Definition.pzOpenNewReport&pzPrimaryPageName=TempNewReportPage'\r\n'15-05-2014 08:52:56' - 'NotRun' : 6. [Add_Report_To_Category_CodedStep] : New Coded Step\r\n'15-05-2014 08:52:56' - 'Pass' : 7. Click 'PEGALUCDiv'\r\n'15-05-2014 08:52:57' - 'Pass' : 8. Click 'PzCommandToolbarInnerPyReportContentPage37Link'\r\n'15-05-2014 08:53:02' - 'Pass' : 9. Click 'ModaldialogHdDiv'\r\n'15-05-2014 08:53:02' - 'Pass' : 10. Click 'CTDiv'\r\n'15-05-2014 08:53:03' - 'Pass' : 11. Select 'ByValue' option 'schedulereports28' on 'PyCategoryNameSelect'\r\n'15-05-2014 08:53:04' - 'Pass' : 12. Enter text 'mycandidatereports29' in 'PyStreamNameText'\r\n'15-05-2014 08:53:04' - 'Pass' : 13. Enter text 'mycandidatereports29' in 'PyReportTitleText'\r\n'15-05-2014 08:53:04' - 'Pass' : 14. Click 'ModalButtonSubmitButtonTag'\r\n'15-05-2014 08:53:09' - 'Pass' : 15. Wait for '5000' msec.\r\n'15-05-2014 08:53:10' - 'Pass' : 16. Click 'NavMiddleTableCell'\r\n'15-05-2014 08:53:15' - 'Pass' : 17. Wait for '5000' msec.\r\n'15-05-2014 08:53:15' - 'Pass' : 18. Click 'ApplyChangesDiv'\r\n'15-05-2014 08:53:15' - 'NotRun' : 19. Desktop command: LeftClick on ApplyChangesDiv\r\n'15-05-2014 08:53:20' - 'Pass' : 20. Wait for '5000' msec.\r\n'15-05-2014 08:53:20' - 'Pass' : 21. Click 'PEGALUCDiv'\r\n'15-05-2014 08:53:20' - 'Pass' : 22. Close pop-up window : '/prweb/PRServlet/rP_YUoU5v4VpHC7zgKdtRfYWDHA1OZuBMT3A8rk8PgI%5B*/!TABTHREAD0?pyActivity=Code-Pega-List.pzDisplayReportDesignMode&bDesignMode=false&reportconfigsec=none&pzPrimaryPageName=pyReportContentPage'\r\n------------------------------------------------------------\r\n'15-05-2014 08:53:20' - Overall Result: Pass\r\n'15-05-2014 08:53:20' - Duration: [0 min: 32 sec: 791 msec]\r\n------------------------------------------------------------\r\n\r\n","FailureException":null,"Result":0,"TestId":"4ec03d4e-a80e-4801-a2e8-dfde6dfc7908","TestName":"Add Report To Category","TestPath":"EJBTesting\\Reports Scheduling\\Add Report To Category.tstest","TestOwner":"","TestDescription":"","ProjectPath":"","StepResults":[{"__type":"ArtOfTest.WebAii.Design.AutomationStepResult","__value":{"TestName":"Add Report To Category","TestPath":"EJBTesting\\Reports Scheduling\\Add Report To Category.tstest","TestId":"4ec03d4e-a80e-4801-a2e8-dfde6dfc7908","TestStepIndex":0,"StepDescription":"Click 'AddReportDiv'","Exception":null,"ResultType":0,"State":null,"Order":1,"LogMessageOnError":"","UserComment":null,"HashCode":2087960560,"IsManual":false,"WasStepEnabled":false}},{"__type":"ArtOfTest.WebAii.Design.AutomationStepResult","__value":{"TestName":"Add Report To Category","TestPath":"EJBTesting\\Reports Scheduling\\Add Report To Category.tstest","TestId":"4ec03d4e-a80e-4801-a2e8-dfde6dfc7908","TestStepIndex":1,"StepDescription":"Click 'ModaldialogHdDiv'","Exception":null,"ResultType":0,"State":null,"Order":2,"LogMessageOnError":"","UserComment":null,"HashCode":2087960561,"IsManual":false,"WasStepEnabled":false}},{"__type":"ArtOfTest.WebAii.Design.AutomationStepResult","__value":{"TestName":"Add Report To Category","TestPath":"EJBTesting\\Reports Scheduling\\Add Report To Category.tstest","TestId":"4ec03d4e-a80e-4801-a2e8-dfde6dfc7908","TestStepIndex":2,"StepDescription":"Click 'ModalButtonSubmitButtonTag'","Exception":null,"ResultType":0,"State":null,"Order":3,"LogMessageOnError":"","UserComment":null,"HashCode":2087960562,"IsManual":false,"WasStepEnabled":false}},{"__type":"ArtOfTest.WebAii.Design.AutomationStepResult","__value":{"TestName":"Add Report To Category","TestPath":"EJBTesting\\Reports Scheduling\\Add Report To Category.tstest","TestId":"4ec03d4e-a80e-4801-a2e8-dfde6dfc7908","TestStepIndex":3,"StepDescription":"Wait for '3000' msec.","Exception":null,"ResultType":0,"State":null,"Order":4,"LogMessageOnError":"","UserComment":null,"HashCode":-1280481827,"IsManual":false,"WasStepEnabled":false}},{"__type":"ArtOfTest.WebAii.Design.AutomationStepResult","__value":{"TestName":"Add Report To Category","TestPath":"EJBTesting\\Reports Scheduling\\Add Report To Category.tstest","TestId":"4ec03d4e-a80e-4801-a2e8-dfde6dfc7908","TestStepIndex":4,"StepDescription":"Connect to pop-up window : '/prweb/PRServlet/rP_YUoU5v4VpHC7zgKdtRfYWDHA1OZuBMT3A8rk8PgI%5B*/!TABTHREAD0?pyActivity=Rule-Obj-Report-Definition.pzOpenNewReport&pzPrimaryPageName=TempNewReportPage'","Exception":null,"ResultType":0,"State":null,"Order":5,"LogMessageOnError":"","UserComment":null,"HashCode":512605109,"IsManual":false,"WasStepEnabled":false}},{"__type":"ArtOfTest.WebAii.Design.AutomationStepResult","__value":{"TestName":"Add Report To Category","TestPath":"EJBTesting\\Reports Scheduling\\Add Report To Category.tstest","TestId":"4ec03d4e-a80e-4801-a2e8-dfde6dfc7908","TestStepIndex":5,"StepDescription":"[Add_Report_To_Category_CodedStep] : New Coded Step","Exception":null,"ResultType":2,"State":null,"Order":6,"LogMessageOnError":"","UserComment":null,"HashCode":2113398271,"IsManual":false,"WasStepEnabled":false}},{"__type":"ArtOfTest.WebAii.Design.AutomationStepResult","__value":{"TestName":"Add Report To Category","TestPath":"EJBTesting\\Reports Scheduling\\Add Report To Category.tstest","TestId":"4ec03d4e-a80e-4801-a2e8-dfde6dfc7908","TestStepIndex":6,"StepDescription":"Click 'PEGALUCDiv'","Exception":null,"ResultType":0,"State":null,"Order":7,"LogMessageOnError":"","UserComment":null,"HashCode":2087960566,"IsManual":false,"WasStepEnabled":false}},{"__type":"ArtOfTest.WebAii.Design.AutomationStepResult","__value":{"TestName":"Add Report To Category","TestPath":"EJBTesting\\Reports Scheduling\\Add Report To Category.tstest","TestId":"4ec03d4e-a80e-4801-a2e8-dfde6dfc7908","TestStepIndex":7,"StepDescription":"Click 'PzCommandToolbarInnerPyReportContentPage37Link'","Exception":null,"ResultType":0,"State":null,"Order":8,"LogMessageOnError":"","UserComment":null,"HashCode":2087960567,"IsManual":false,"WasStepEnabled":false}},{"__type":"ArtOfTest.WebAii.Design.AutomationStepResult","__value":{"TestName":"Add Report To Category","TestPath":"EJBTesting\\Reports Scheduling\\Add Report To Category.tstest","TestId":"4ec03d4e-a80e-4801-a2e8-dfde6dfc7908","TestStepIndex":8,"StepDescription":"Click 'ModaldialogHdDiv'","Exception":null,"ResultType":0,"State":null,"Order":9,"LogMessageOnError":"","UserComment":null,"HashCode":2087960568,"IsManual":false,"WasStepEnabled":false}},{"__type":"ArtOfTest.WebAii.Design.AutomationStepResult","__value":{"TestName":"Add Report To Category","TestPath":"EJBTesting\\Reports Scheduling\\Add Report To Category.tstest","TestId":"4ec03d4e-a80e-4801-a2e8-dfde6dfc7908","TestStepIndex":9,"StepDescription":"Click 'CTDiv'","Exception":null,"ResultType":0,"State":null,"Order":10,"LogMessageOnError":"","UserComment":null,"HashCode":2087960569,"IsManual":false,"WasStepEnabled":false}},{"__type":"ArtOfTest.WebAii.Design.AutomationStepResult","__value":{"TestName":"Add Report To Category","TestPath":"EJBTesting\\Reports Scheduling\\Add Report To Category.tstest","TestId":"4ec03d4e-a80e-4801-a2e8-dfde6dfc7908","TestStepIndex":10,"StepDescription":"Select 'ByValue' option 'schedulereports28' on 'PyCategoryNameSelect'","Exception":null,"ResultType":0,"State":null,"Order":11,"LogMessageOnError":"","UserComment":null,"HashCode":717831272,"IsManual":false,"WasStepEnabled":false}},{"__type":"ArtOfTest.WebAii.Design.AutomationStepResult","__value":{"TestName":"Add Report To Category","TestPath":"EJBTesting\\Reports Scheduling\\Add Report To Category.tstest","TestId":"4ec03d4e-a80e-4801-a2e8-dfde6dfc7908","TestStepIndex":11,"StepDescription":"Enter text 'mycandidatereports29' in 'PyStreamNameText'","Exception":null,"ResultType":0,"State":null,"Order":12,"LogMessageOnError":"","UserComment":null,"HashCode":1106498614,"IsManual":false,"WasStepEnabled":false}},{"__type":"ArtOfTest.WebAii.Design.AutomationStepResult","__value":{"TestName":"Add Report To Category","TestPath":"EJBTesting\\Reports Scheduling\\Add Report To Category.tstest","TestId":"4ec03d4e-a80e-4801-a2e8-dfde6dfc7908","TestStepIndex":12,"StepDescription":"Enter text 'mycandidatereports29' in 'PyReportTitleText'","Exception":null,"ResultType":0,"State":null,"Order":13,"LogMessageOnError":"","UserComment":null,"HashCode":1106498615,"IsManual":false,"WasStepEnabled":false}},{"__type":"ArtOfTest.WebAii.Design.AutomationStepResult","__value":{"TestName":"Add Report To Category","TestPath":"EJBTesting\\Reports Scheduling\\Add Report To Category.tstest","TestId":"4ec03d4e-a80e-4801-a2e8-dfde6dfc7908","TestStepIndex":13,"StepDescription":"Click 'ModalButtonSubmitButtonTag'","Exception":null,"ResultType":0,"State":null,"Order":14,"LogMessageOnError":"","UserComment":null,"HashCode":2087960573,"IsManual":false,"WasStepEnabled":false}},{"__type":"ArtOfTest.WebAii.Design.AutomationStepResult","__value":{"TestName":"Add Report To Category","TestPath":"EJBTesting\\Reports Scheduling\\Add Report To Category.tstest","TestId":"4ec03d4e-a80e-4801-a2e8-dfde6dfc7908","TestStepIndex":14,"StepDescription":"Wait for '5000' msec.","Exception":null,"ResultType":0,"State":null,"Order":15,"LogMessageOnError":"","UserComment":null,"HashCode":-1280481816,"IsManual":false,"WasStepEnabled":false}},{"__type":"ArtOfTest.WebAii.Design.AutomationStepResult","__value":{"TestName":"Add Report To Category","TestPath":"EJBTesting\\Reports Scheduling\\Add Report To Category.tstest","TestId":"4ec03d4e-a80e-4801-a2e8-dfde6dfc7908","TestStepIndex":15,"StepDescription":"Click 'NavMiddleTableCell'","Exception":null,"ResultType":0,"State":null,"Order":16,"LogMessageOnError":"","UserComment":null,"HashCode":2087960575,"IsManual":false,"WasStepEnabled":false}},{"__type":"ArtOfTest.WebAii.Design.AutomationStepResult","__value":{"TestName":"Add Report To Category","TestPath":"EJBTesting\\Reports Scheduling\\Add Report To Category.tstest","TestId":"4ec03d4e-a80e-4801-a2e8-dfde6dfc7908","TestStepIndex":16,"StepDescription":"Wait for '5000' msec.","Exception":null,"ResultType":0,"State":null,"Order":17,"LogMessageOnError":"","UserComment":null,"HashCode":-1280481814,"IsManual":false,"WasStepEnabled":false}},{"__type":"ArtOfTest.WebAii.Design.AutomationStepResult","__value":{"TestName":"Add Report To Category","TestPath":"EJBTesting\\Reports Scheduling\\Add Report To Category.tstest","TestId":"4ec03d4e-a80e-4801-a2e8-dfde6dfc7908","TestStepIndex":17,"StepDescription":"Click 'ApplyChangesDiv'","Exception":null,"ResultType":0,"State":null,"Order":18,"LogMessageOnError":"","UserComment":null,"HashCode":2087960577,"IsManual":false,"WasStepEnabled":false}},{"__type":"ArtOfTest.WebAii.Design.AutomationStepResult","__value":{"TestName":"Add Report To Category","TestPath":"EJBTesting\\Reports Scheduling\\Add Report To Category.tstest","TestId":"4ec03d4e-a80e-4801-a2e8-dfde6dfc7908","TestStepIndex":18,"StepDescription":"Desktop command: LeftClick on ApplyChangesDiv","Exception":null,"ResultType":2,"State":null,"Order":19,"LogMessageOnError":"","UserComment":null,"HashCode":1877738769,"IsManual":false,"WasStepEnabled":false}},{"__type":"ArtOfTest.WebAii.Design.AutomationStepResult","__value":{"TestName":"Add Report To Category","TestPath":"EJBTesting\\Reports Scheduling\\Add Report To Category.tstest","TestId":"4ec03d4e-a80e-4801-a2e8-dfde6dfc7908","TestStepIndex":19,"StepDescription":"Wait for '5000' msec.","Exception":null,"ResultType":0,"State":null,"Order":20,"LogMessageOnError":"","UserComment":null,"HashCode":-1280481811,"IsManual":false,"WasStepEnabled":false}},{"__type":"ArtOfTest.WebAii.Design.AutomationStepResult","__value":{"TestName":"Add Report To Category","TestPath":"EJBTesting\\Reports Scheduling\\Add Report To Category.tstest","TestId":"4ec03d4e-a80e-4801-a2e8-dfde6dfc7908","TestStepIndex":20,"StepDescription":"Click 'PEGALUCDiv'","Exception":null,"ResultType":0,"State":null,"Order":21,"LogMessageOnError":"","UserComment":null,"HashCode":2087960580,"IsManual":false,"WasStepEnabled":false}},{"__type":"ArtOfTest.WebAii.Design.AutomationStepResult","__value":{"TestName":"Add Report To Category","TestPath":"EJBTesting\\Reports Scheduling\\Add Report To Category.tstest","TestId":"4ec03d4e-a80e-4801-a2e8-dfde6dfc7908","TestStepIndex":21,"StepDescription":"Close pop-up window : '/prweb/PRServlet/rP_YUoU5v4VpHC7zgKdtRfYWDHA1OZuBMT3A8rk8PgI%5B*/!TABTHREAD0?pyActivity=Code-Pega-List.pzDisplayReportDesignMode&bDesignMode=false&reportconfigsec=none&pzPrimaryPageName=pyReportContentPage'","Exception":null,"ResultType":0,"State":null,"Order":22,"LogMessageOnError":"","UserComment":null,"HashCode":512605126,"IsManual":false,"WasStepEnabled":false}}],"NotRunStepDescriptions":[],"TotalPassedSteps":20,"ExecutingTestStepCount":20,"TotalNumberOfNotRunSteps":2,"IsDataDrivenResult":false,"DataIterationResults":[],"EndTime":"2014-05-15T08:53:20.9974219-04:00","StartTime":"2014-05-15T08:52:48.2061431-04:00","ProfilerResultsPath":null,"VersionGroupKey":"00000000-0000-0000-0000-000000000000","CommitedBy":null}},"ResultType":0,"Exception":null,"TestName":"Schedule Reports and message","TestPath":"EJBTesting\\Reports Scheduling\\Schedule Reports and message.tstest","TestId":"74b04326-16fa-4c3e-9136-009f76f909ff","TestStepIndex":2,"StepDescription":"Execute test 'Add Report To Category.tstest'","State":null,"Order":3,"LogMessageOnError":"","UserComment":null,"HashCode":-832664897,"IsManual":false,"WasStepEnabled":false}},{"__type":"ArtOfTest.WebAii.Design.Execution.TestAsStepResult","__value":{"TestResult":{"__type":"ArtOfTest.WebAii.Design.Execution.TestResult","__value":{"Browser":0,"ExeType":5,"SeparatorLineCharCount":60,"Message":"Overall Result: Fail\r\n------------------------------------------------------------\r\n'15-05-2014 08:53:21' - Enabling Html Popup Tracker. Test expecting Popups.\r\n'15-05-2014 08:53:21' - Using 'InternetExplorer' version '9.0' as default browser. \r\n'15-05-2014 08:54:22' - 'Fail' : 1. Click 'Div'\r\n------------------------------------------------------------\r\nFailure Information: \r\n~~~~~~~~~~~~~~~\r\nUnable to find the target host (Browser/SilverlightApp) to locate an element. Failure: Waiting for frame '[Frame:id=~PegaGadget,name=~PegaGadget,UseQuery:False]' timed out. Error: Wait for condition has timed out\r\nInnerException:\r\nSystem.Exception: Unable to find the target host (Browser/SilverlightApp) to locate an element. Failure: Waiting for frame '[Frame:id=~PegaGadget,name=~PegaGadget,UseQuery:False]' timed out. Error: Wait for condition has timed out\r\n   at ArtOfTest.WebAii.Design.Execution.ExecutionUtils.WaitForAllElements(IAutomationHost host, AutomationDescriptor descriptor, Int32 timeout)\r\n   at ArtOfTest.WebAii.Design.Execution.ExecutionEngine.ExecuteStep(Int32 order)\r\n------------------------------------------------------------\r\n'15-05-2014 08:54:22' - Detected a failure. Step is marked 'ContinueOnFailure=False' aborting test execution.\r\n------------------------------------------------------------\r\n'15-05-2014 08:54:22' - Overall Result: Fail\r\n'15-05-2014 08:54:22' - Duration: [1 min: 1 sec: 11 msec]\r\n------------------------------------------------------------\r\n\r\n","FailureException":{"__type":"ArtOfTest.Common.Design.Exceptions.ExecutionException","__value":{"message":"Unable to find the target host (Browser/SilverlightApp) to locate an element. Failure: Waiting for frame '[Frame:id=~PegaGadget,name=~PegaGadget,UseQuery:False]' timed out. Error: Wait for condition has timed out","DataProvider":{"__type":"ArtOfTest.Common.Design.Exceptions.ErrorDataProvider","__value":{"_info":{"HostState":{"__type":"ArtOfTest.WebAii.Design.AutomationHostState","__value":{"Mode":2,"DomFilePath":"Schedule Reports and message 130446661017745006_files\\Schedule Report_0_DomTreeOnFailure.txt","ImageFilePath":"Schedule Reports and message 130446661017745006_files\\Schedule Report_0_ImageOnFailure.png","ExpectedImageFilePath":null,"TechnologyType":1,"FriendlyName":"Capture Of 'Page (mycandidatereports29)' @15-05-2014 08:54:22"}}}}}}},"Result":1,"TestId":"0cc58215-5f39-45fc-9608-6549d7798a3c","TestName":"Schedule Report","TestPath":"EJBTesting\\Reports Scheduling\\Schedule Report.tstest","TestOwner":"","TestDescription":"","ProjectPath":"","StepResults":[{"__type":"ArtOfTest.WebAii.Design.AutomationStepResult","__value":{"TestName":"Schedule Report","TestPath":"EJBTesting\\Reports Scheduling\\Schedule Report.tstest","TestId":"0cc58215-5f39-45fc-9608-6549d7798a3c","TestStepIndex":0,"StepDescription":"Click 'Div'","Exception":{"__type":"ArtOfTest.Common.Design.Exceptions.ExecutionException","__value":{"message":"Unable to find the target host (Browser/SilverlightApp) to locate an element. Failure: Waiting for frame '[Frame:id=~PegaGadget,name=~PegaGadget,UseQuery:False]' timed out. Error: Wait for condition has timed out","DataProvider":{"__type":"ArtOfTest.Common.Design.Exceptions.ErrorDataProvider","__value":{"_info":{"HostState":{"__type":"ArtOfTest.WebAii.Design.AutomationHostState","__value":{"Mode":2,"DomFilePath":"Schedule Reports and message 130446661017745006_files\\Schedule Report_0_DomTreeOnFailure.txt","ImageFilePath":"Schedule Reports and message 130446661017745006_files\\Schedule Report_0_ImageOnFailure.png","ExpectedImageFilePath":null,"TechnologyType":1,"FriendlyName":"Capture Of 'Page (mycandidatereports29)' @15-05-2014 08:54:22"}}}}}}},"ResultType":1,"State":{"__type":"ArtOfTest.WebAii.Design.AutomationHostState","__value":{"Mode":2,"DomFilePath":"Schedule Reports and message 130446661017745006_files\\Schedule Report_0_DomTreeOnFailure.txt","ImageFilePath":"Schedule Reports and message 130446661017745006_files\\Schedule Report_0_ImageOnFailure.png","ExpectedImageFilePath":null,"TechnologyType":1,"FriendlyName":"Capture Of 'Page (mycandidatereports29)' @15-05-2014 08:54:22"}},"Order":1,"LogMessageOnError":"","UserComment":null,"HashCode":2087960560,"IsManual":false,"WasStepEnabled":false}}],"NotRunStepDescriptions":["Click 'PzCategoryCountLabelDPzReportBrowser7PzRBAllCategories74Link'","Wait for '5000' msec.","Click 'TakeActionLink'","Wait for '5000' msec.","Click 'ItemMiddleTableCell'","Connect to pop-up window : '/prweb/PRServlet'","Wait for '10000' msec.","Click 'TableCell'","Wait for '5000' msec.","Select 'ByValue' option '22' on 'PyTimeOfDaySelect'","Click 'TableCell0'","Click 'CompleteThisButtonTag'","Wait for '5000' msec.","Close pop-up window : '/prweb/PRServlet'"],"TotalPassedSteps":0,"ExecutingTestStepCount":1,"TotalNumberOfNotRunSteps":0,"IsDataDrivenResult":false,"DataIterationResults":[],"EndTime":"2014-05-15T08:54:22.3654682-04:00","StartTime":"2014-05-15T08:53:21.3544576-04:00","ProfilerResultsPath":null,"VersionGroupKey":"00000000-0000-0000-0000-000000000000","CommitedBy":null}},"ResultType":1,"Exception":{"__type":"ArtOfTest.Common.Design.Exceptions.ExecutionException","__value":{"message":"Unable to find the target host (Browser/SilverlightApp) to locate an element. Failure: Waiting for frame '[Frame:id=~PegaGadget,name=~PegaGadget,UseQuery:False]' timed out. Error: Wait for condition has timed out","DataProvider":{"__type":"ArtOfTest.Common.Design.Exceptions.ErrorDataProvider","__value":{"_info":{"HostState":{"__type":"ArtOfTest.WebAii.Design.AutomationHostState","__value":{"Mode":2,"DomFilePath":"Schedule Reports and message 130446661017745006_files\\Schedule Report_0_DomTreeOnFailure.txt","ImageFilePath":"Schedule Reports and message 130446661017745006_files\\Schedule Report_0_ImageOnFailure.png","ExpectedImageFilePath":null,"TechnologyType":1,"FriendlyName":"Capture Of 'Page (mycandidatereports29)' @15-05-2014 08:54:22"}}}}}}},"TestName":"Schedule Reports and message","TestPath":"EJBTesting\\Reports Scheduling\\Schedule Reports and message.tstest","TestId":"74b04326-16fa-4c3e-9136-009f76f909ff","TestStepIndex":3,"StepDescription":"Execute test 'Schedule Report.tstest'","State":null,"Order":4,"LogMessageOnError":"","UserComment":null,"HashCode":-832664896,"IsManual":false,"WasStepEnabled":false}}],"NotRunStepDescriptions":["Enter text 'mycandidate' in 'PySearchTextText'","Click 'SearchImage'","Wait for '2000' msec.","Click 'MycandidaterepoLink'","Wait for '4000' msec.","Click 'DeleteDiv'","Enter text 'test' in 'PyDeleteMemoTextArea'","Click 'SubmitButtonButtonTag'","Wait for '2000' msec.","Click 'CloseSpan'","Click 'RefreshDiv'","Wait for '4000' msec.","Click 'TakeActionLink0'","Click 'ItemMiddleTableCell0'","Click 'ModalButtonSubmitButtonTag'"],"TotalPassedSteps":3,"ExecutingTestStepCount":4,"TotalNumberOfNotRunSteps":15,"IsDataDrivenResult":true,"DataIterationResults":[{"__type":"ArtOfTest.WebAii.Design.Execution.DataIterationResult","__value":{"Result":{"__type":"ArtOfTest.WebAii.Design.Execution.TestResult","__value":{"Browser":0,"ExeType":5,"SeparatorLineCharCount":60,"Message":"Overall Result: Fail\r\n------------------------------------------------------------\r\n'15-05-2014 08:51:50' - Enabling Html Popup Tracker. Test expecting Popups.\r\n'15-05-2014 08:51:50' - Using 'InternetExplorer' version '9.0' as default browser. \r\n'15-05-2014 08:52:12' - 'Pass' : 1. Execute test 'Set mailid for appuser.tstest'\r\n\r\n>>> Test-as-Step 'EJBTesting\\Reports Scheduling\\Set mailid for appuser.tstest' log starts:\r\n\r\nOverall Result: Pass\r\n------------------------------------------------------------\r\n'15-05-2014 08:51:50' - Detected custom code in test. Locating test assembly: PRPC.dll.\r\n'15-05-2014 08:51:50' - Assembly Found: C:\\Users\\jakkr\\Documents\\Test Studio Projects\\PRPC\\bin\\PRPC.dll\r\n'15-05-2014 08:51:50' - Loading code class: 'PRPC.Set_mailid_for_appuser'.\r\n------------------------------------------------------------\r\n------------------------------------------------------------\r\n'15-05-2014 08:51:50' - Detected DataDriven Test. Starting data iterations.\r\n------------------------------------------------------------\r\n'15-05-2014 08:51:50' - [Iteration #1: (BaseURL=http://localhost:9080)(adminlogin=administrator@pega.com)(adminpassword=install)(hrservices jar=E:\\share\\HRServicesSample.jar)(candfn=fn1)(candln=ln1)(appuserlogin=sae1architect)(appuserpassword=rules)]\r\n------------------------------------------------------------\r\nOverall Result: Pass\r\n------------------------------------------------------------\r\n'15-05-2014 08:51:50' - Enabling Html Popup Tracker. Test expecting Popups.\r\n'15-05-2014 08:51:50' - Using 'InternetExplorer' version '9.0' as default browser. \r\n'15-05-2014 08:51:50' - 'Pass' : 1. [Set_mailid_for_appuser_CodedStep] : New Coded Step\r\n'15-05-2014 08:51:51' - 'Pass' : 2. Navigate to : '/prweb/PRServlet' - DataDriven: [$(BaseURL)]\r\n'15-05-2014 08:51:51' - 'Pass' : 3. Click 'TxtUserIDEmail'\r\n'15-05-2014 08:51:51' - 'Pass' : 4. Enter text 'SAE1Architect' in 'TxtUserIDEmail'\r\n'15-05-2014 08:51:51' - 'Pass' : 5. Enter text 'rules' in 'TxtPasswordPassword'\r\n'15-05-2014 08:51:54' - 'Pass' : 6. Click 'LogInSpan'\r\n'15-05-2014 08:51:59' - 'Pass' : 7. Wait for '5000' msec.\r\n'15-05-2014 08:52:00' - 'Pass' : 8. Click 'OperatorMenuLink'\r\n'15-05-2014 08:52:02' - 'Pass' : 9. Click 'ItemMiddleTableCell2'\r\n'15-05-2014 08:52:04' - 'Pass' : 10. Enter text 'ravi740136@gmail.com' in 'PyEmailAddressText'\r\n'15-05-2014 08:52:05' - 'Pass' : 11. Click 'SaveDiv'\r\n'15-05-2014 08:52:10' - 'Pass' : 12. Wait for '5000' msec.\r\n'15-05-2014 08:52:11' - 'Pass' : 13. Click 'OperatorMenuLink'\r\n'15-05-2014 08:52:12' - 'Pass' : 14. Click 'ItemMiddleTableCell2'\r\n------------------------------------------------------------\r\n'15-05-2014 08:52:12' - Overall Result: Pass\r\n'15-05-2014 08:52:12' - Duration: [0 min: 21 sec: 932 msec]\r\n------------------------------------------------------------\r\n------------------------------------------------------------\r\n'15-05-2014 08:52:12' - Overall Result: Pass\r\n'15-05-2014 08:52:12' - Duration: [0 min: 21 sec: 938 msec]\r\n------------------------------------------------------------\r\n\r\n<<< Test-as-Step 'EJBTesting\\Reports Scheduling\\Set mailid for appuser.tstest' log ends.\r\n\r\n'15-05-2014 08:52:47' - 'Pass' : 2. Execute test 'Create new category for Report.tstest'\r\n\r\n>>> Test-as-Step 'EJBTesting\\Reports Scheduling\\Create new category for Report.tstest' log starts:\r\n\r\nOverall Result: Pass\r\n------------------------------------------------------------\r\n'15-05-2014 08:52:12' - Enabling Html Popup Tracker. Test expecting Popups.\r\n'15-05-2014 08:52:12' - Using 'InternetExplorer' version '9.0' as default browser. \r\n'15-05-2014 08:52:12' - 'NotRun' : 1. Navigate to : '/prweb/PRServlet' - DataDriven: [$(BaseURL)]\r\n'15-05-2014 08:52:17' - 'Pass' : 2. Wait for '5000' msec.\r\n'15-05-2014 08:52:17' - 'Pass' : 3. Click 'TxtUserIDEmail'\r\n'15-05-2014 08:52:18' - 'Pass' : 4. Enter text 'SAE1Architect' in 'TxtUserIDEmail'\r\n'15-05-2014 08:52:18' - 'Pass' : 5. Enter text 'rules' in 'TxtPasswordPassword'\r\n'15-05-2014 08:52:23' - 'Pass' : 6. Click 'LogInSpan'\r\n'15-05-2014 08:52:28' - 'Pass' : 7. Wait for '5000' msec.\r\n'15-05-2014 08:52:28' - 'Pass' : 8. Click 'ItemMiddleLink'\r\n'15-05-2014 08:52:33' - 'Pass' : 9. Wait for '5000' msec.\r\n'15-05-2014 08:52:33' - 'Pass' : 10. Desktop command: HoverOver on ItemMiddleTableCell\r\n'15-05-2014 08:52:34' - 'Pass' : 11. Desktop command: HoverOver on ItemMiddleTableCell0\r\n'15-05-2014 08:52:34' - 'Pass' : 12. Desktop command: LeftClick on ItemMiddleTableCell1\r\n'15-05-2014 08:52:39' - 'Pass' : 13. Wait for '5000' msec.\r\n'15-05-2014 08:52:40' - 'Pass' : 14. Click 'AddCategoryDiv'\r\n'15-05-2014 08:52:41' - 'Pass' : 15. Click 'ModaldialogHdDiv'\r\n'15-05-2014 08:52:41' - 'Pass' : 16. Enter text 'schedulereports28' in 'PyCategoryNameText'\r\n'15-05-2014 08:52:42' - 'Pass' : 17. Enter text 'schedulerports28' in 'PyCategoryDescriptionText'\r\n'15-05-2014 08:52:42' - 'Pass' : 18. Click 'ModalButtonSubmitButtonTag'\r\n'15-05-2014 08:52:47' - 'Pass' : 19. Wait for '5000' msec.\r\n------------------------------------------------------------\r\n'15-05-2014 08:52:47' - Overall Result: Pass\r\n'15-05-2014 08:52:47' - Duration: [0 min: 34 sec: 842 msec]\r\n------------------------------------------------------------\r\n\r\n<<< Test-as-Step 'EJBTesting\\Reports Scheduling\\Create new category for Report.tstest' log ends.\r\n\r\n'15-05-2014 08:53:20' - 'Pass' : 3. Execute test 'Add Report To Category.tstest'\r\n\r\n>>> Test-as-Step 'EJBTesting\\Reports Scheduling\\Add Report To Category.tstest' log starts:\r\n\r\nOverall Result: Pass\r\n------------------------------------------------------------\r\n'15-05-2014 08:52:48' - Detected custom code in test. Locating test assembly: PRPC.dll.\r\n'15-05-2014 08:52:48' - Assembly Found: C:\\Users\\jakkr\\Documents\\Test Studio Projects\\PRPC\\bin\\PRPC.dll\r\n'15-05-2014 08:52:48' - Loading code class: 'PRPC.Add_Report_To_Category'.\r\n------------------------------------------------------------\r\n------------------------------------------------------------\r\n'15-05-2014 08:52:48' - Enabling Html Popup Tracker. Test expecting Popups.\r\n'15-05-2014 08:52:48' - Using 'InternetExplorer' version '9.0' as default browser. \r\n'15-05-2014 08:52:48' - 'Pass' : 1. Click 'AddReportDiv'\r\n'15-05-2014 08:52:48' - 'Pass' : 2. Click 'ModaldialogHdDiv'\r\n'15-05-2014 08:52:49' - 'Pass' : 3. Click 'ModalButtonSubmitButtonTag'\r\n'15-05-2014 08:52:52' - 'Pass' : 4. Wait for '3000' msec.\r\n'15-05-2014 08:52:56' - 'Pass' : 5. Connect to pop-up window : '/prweb/PRServlet/rP_YUoU5v4VpHC7zgKdtRfYWDHA1OZuBMT3A8rk8PgI%5B*/!TABTHREAD0?pyActivity=Rule-Obj-Report-Definition.pzOpenNewReport&pzPrimaryPageName=TempNewReportPage'\r\n'15-05-2014 08:52:56' - 'NotRun' : 6. [Add_Report_To_Category_CodedStep] : New Coded Step\r\n'15-05-2014 08:52:56' - 'Pass' : 7. Click 'PEGALUCDiv'\r\n'15-05-2014 08:52:57' - 'Pass' : 8. Click 'PzCommandToolbarInnerPyReportContentPage37Link'\r\n'15-05-2014 08:53:02' - 'Pass' : 9. Click 'ModaldialogHdDiv'\r\n'15-05-2014 08:53:02' - 'Pass' : 10. Click 'CTDiv'\r\n'15-05-2014 08:53:03' - 'Pass' : 11. Select 'ByValue' option 'schedulereports28' on 'PyCategoryNameSelect'\r\n'15-05-2014 08:53:04' - 'Pass' : 12. Enter text 'mycandidatereports29' in 'PyStreamNameText'\r\n'15-05-2014 08:53:04' - 'Pass' : 13. Enter text 'mycandidatereports29' in 'PyReportTitleText'\r\n'15-05-2014 08:53:04' - 'Pass' : 14. Click 'ModalButtonSubmitButtonTag'\r\n'15-05-2014 08:53:09' - 'Pass' : 15. Wait for '5000' msec.\r\n'15-05-2014 08:53:10' - 'Pass' : 16. Click 'NavMiddleTableCell'\r\n'15-05-2014 08:53:15' - 'Pass' : 17. Wait for '5000' msec.\r\n'15-05-2014 08:53:15' - 'Pass' : 18. Click 'ApplyChangesDiv'\r\n'15-05-2014 08:53:15' - 'NotRun' : 19. Desktop command: LeftClick on ApplyChangesDiv\r\n'15-05-2014 08:53:20' - 'Pass' : 20. Wait for '5000' msec.\r\n'15-05-2014 08:53:20' - 'Pass' : 21. Click 'PEGALUCDiv'\r\n'15-05-2014 08:53:20' - 'Pass' : 22. Close pop-up window : '/prweb/PRServlet/rP_YUoU5v4VpHC7zgKdtRfYWDHA1OZuBMT3A8rk8PgI%5B*/!TABTHREAD0?pyActivity=Code-Pega-List.pzDisplayReportDesignMode&bDesignMode=false&reportconfigsec=none&pzPrimaryPageName=pyReportContentPage'\r\n------------------------------------------------------------\r\n'15-05-2014 08:53:20' - Overall Result: Pass\r\n'15-05-2014 08:53:20' - Duration: [0 min: 32 sec: 791 msec]\r\n------------------------------------------------------------\r\n\r\n<<< Test-as-Step 'EJBTesting\\Reports Scheduling\\Add Report To Category.tstest' log ends.\r\n\r\n'15-05-2014 08:54:22' - 'Fail' : 4. Execute test 'Schedule Report.tstest'\r\n\r\n>>> Test-as-Step 'EJBTesting\\Reports Scheduling\\Schedule Report.tstest' log starts:\r\n\r\nOverall Result: Fail\r\n------------------------------------------------------------\r\n'15-05-2014 08:53:21' - Enabling Html Popup Tracker. Test expecting Popups.\r\n'15-05-2014 08:53:21' - Using 'InternetExplorer' version '9.0' as default browser. \r\n'15-05-2014 08:54:22' - 'Fail' : 1. Click 'Div'\r\n------------------------------------------------------------\r\nFailure Information: \r\n~~~~~~~~~~~~~~~\r\nUnable to find the target host (Browser/SilverlightApp) to locate an element. Failure: Waiting for frame '[Frame:id=~PegaGadget,name=~PegaGadget,UseQuery:False]' timed out. Error: Wait for condition has timed out\r\nInnerException:\r\nSystem.Exception: Unable to find the target host (Browser/SilverlightApp) to locate an element. Failure: Waiting for frame '[Frame:id=~PegaGadget,name=~PegaGadget,UseQuery:False]' timed out. Error: Wait for condition has timed out\r\n   at ArtOfTest.WebAii.Design.Execution.ExecutionUtils.WaitForAllElements(IAutomationHost host, AutomationDescriptor descriptor, Int32 timeout)\r\n   at ArtOfTest.WebAii.Design.Execution.ExecutionEngine.ExecuteStep(Int32 order)\r\n------------------------------------------------------------\r\n'15-05-2014 08:54:22' - Detected a failure. Step is marked 'ContinueOnFailure=False' aborting test execution.\r\n------------------------------------------------------------\r\n'15-05-2014 08:54:22' - Overall Result: Fail\r\n'15-05-2014 08:54:22' - Duration: [1 min: 1 sec: 11 msec]\r\n------------------------------------------------------------\r\n\r\n<<< Test-as-Step 'EJBTesting\\Reports Scheduling\\Schedule Report.tstest' log ends.\r\n\r\nInnerException:\r\nSystem.Exception: Unable to find the target host (Browser/SilverlightApp) to locate an element. Failure: Waiting for frame '[Frame:id=~PegaGadget,name=~PegaGadget,UseQuery:False]' timed out. Error: Wait for condition has timed out\r\n   at ArtOfTest.WebAii.Design.Execution.ExecutionUtils.WaitForAllElements(IAutomationHost host, AutomationDescriptor descriptor, Int32 timeout)\r\n   at ArtOfTest.WebAii.Design.Execution.ExecutionEngine.ExecuteStep(Int32 order)\r\n------------------------------------------------------------\r\n'15-05-2014 08:54:22' - Detected a failure. Step is marked 'ContinueOnFailure=False' aborting test execution.\r\n------------------------------------------------------------\r\n'15-05-2014 08:54:22' - Overall Result: Fail\r\n'15-05-2014 08:54:22' - Duration: [2 min: 32 sec: 247 msec]\r\n------------------------------------------------------------\r\n\r\n","FailureException":{"__type":"ArtOfTest.Common.Design.Exceptions.ExecutionException","__value":{"message":"Unable to find the target host (Browser/SilverlightApp) to locate an element. Failure: Waiting for frame '[Frame:id=~PegaGadget,name=~PegaGadget,UseQuery:False]' timed out. Error: Wait for condition has timed out","DataProvider":{"__type":"ArtOfTest.Common.Design.Exceptions.ErrorDataProvider","__value":{"_info":{"HostState":{"__type":"ArtOfTest.WebAii.Design.AutomationHostState","__value":{"Mode":2,"DomFilePath":"Schedule Reports and message 130446661017745006_files\\Schedule Report_0_DomTreeOnFailure.txt","ImageFilePath":"Schedule Reports and message 130446661017745006_files\\Schedule Report_0_ImageOnFailure.png","ExpectedImageFilePath":null,"TechnologyType":1,"FriendlyName":"Capture Of 'Page (mycandidatereports29)' @15-05-2014 08:54:22"}}}}}}},"Result":1,"TestId":"74b04326-16fa-4c3e-9136-009f76f909ff","TestName":"Schedule Reports and message","TestPath":"EJBTesting\\Reports Scheduling\\Schedule Reports and message.tstest","TestOwner":"","TestDescription":"","ProjectPath":"","StepResults":[{"__type":"ArtOfTest.WebAii.Design.Execution.TestAsStepResult","__value":{"TestResult":{"__type":"ArtOfTest.WebAii.Design.Execution.TestResult","__value":{"Browser":0,"ExeType":5,"SeparatorLineCharCount":60,"Message":"Overall Result: Pass\r\n------------------------------------------------------------\r\n'15-05-2014 08:51:50' - Detected custom code in test. Locating test assembly: PRPC.dll.\r\n'15-05-2014 08:51:50' - Assembly Found: C:\\Users\\jakkr\\Documents\\Test Studio Projects\\PRPC\\bin\\PRPC.dll\r\n'15-05-2014 08:51:50' - Loading code class: 'PRPC.Set_mailid_for_appuser'.\r\n------------------------------------------------------------\r\n------------------------------------------------------------\r\n'15-05-2014 08:51:50' - Detected DataDriven Test. Starting data iterations.\r\n------------------------------------------------------------\r\n'15-05-2014 08:51:50' - [Iteration #1: (BaseURL=http://localhost:9080)(adminlogin=administrator@pega.com)(adminpassword=install)(hrservices jar=E:\\share\\HRServicesSample.jar)(candfn=fn1)(candln=ln1)(appuserlogin=sae1architect)(appuserpassword=rules)]\r\n------------------------------------------------------------\r\nOverall Result: Pass\r\n------------------------------------------------------------\r\n'15-05-2014 08:51:50' - Enabling Html Popup Tracker. Test expecting Popups.\r\n'15-05-2014 08:51:50' - Using 'InternetExplorer' version '9.0' as default browser. \r\n'15-05-2014 08:51:50' - 'Pass' : 1. [Set_mailid_for_appuser_CodedStep] : New Coded Step\r\n'15-05-2014 08:51:51' - 'Pass' : 2. Navigate to : '/prweb/PRServlet' - DataDriven: [$(BaseURL)]\r\n'15-05-2014 08:51:51' - 'Pass' : 3. Click 'TxtUserIDEmail'\r\n'15-05-2014 08:51:51' - 'Pass' : 4. Enter text 'SAE1Architect' in 'TxtUserIDEmail'\r\n'15-05-2014 08:51:51' - 'Pass' : 5. Enter text 'rules' in 'TxtPasswordPassword'\r\n'15-05-2014 08:51:54' - 'Pass' : 6. Click 'LogInSpan'\r\n'15-05-2014 08:51:59' - 'Pass' : 7. Wait for '5000' msec.\r\n'15-05-2014 08:52:00' - 'Pass' : 8. Click 'OperatorMenuLink'\r\n'15-05-2014 08:52:02' - 'Pass' : 9. Click 'ItemMiddleTableCell2'\r\n'15-05-2014 08:52:04' - 'Pass' : 10. Enter text 'ravi740136@gmail.com' in 'PyEmailAddressText'\r\n'15-05-2014 08:52:05' - 'Pass' : 11. Click 'SaveDiv'\r\n'15-05-2014 08:52:10' - 'Pass' : 12. Wait for '5000' msec.\r\n'15-05-2014 08:52:11' - 'Pass' : 13. Click 'OperatorMenuLink'\r\n'15-05-2014 08:52:12' - 'Pass' : 14. Click 'ItemMiddleTableCell2'\r\n------------------------------------------------------------\r\n'15-05-2014 08:52:12' - Overall Result: Pass\r\n'15-05-2014 08:52:12' - Duration: [0 min: 21 sec: 932 msec]\r\n------------------------------------------------------------\r\n------------------------------------------------------------\r\n'15-05-2014 08:52:12' - Overall Result: Pass\r\n'15-05-2014 08:52:12' - Duration: [0 min: 21 sec: 938 msec]\r\n------------------------------------------------------------\r\n\r\n","FailureException":null,"Result":0,"TestId":"5f3e0242-93be-4ea2-912d-3677a9b52cac","TestName":"Set mailid for appuser","TestPath":"EJBTesting\\Reports Scheduling\\Set mailid for appuser.tstest","TestOwner":"","TestDescription":"","ProjectPath":"","StepResults":[{"__type":"ArtOfTest.WebAii.Design.AutomationStepResult","__value":{"TestName":"Set mailid for appuser","TestPath":"EJBTesting\\Reports Scheduling\\Set mailid for appuser.tstest","TestId":"5f3e0242-93be-4ea2-912d-3677a9b52cac","TestStepIndex":0,"StepDescription":"[Set_mailid_for_appuser_CodedStep] : New Coded Step","Exception":null,"ResultType":0,"State":null,"Order":1,"LogMessageOnError":"","UserComment":null,"HashCode":2113398266,"IsManual":false,"WasStepEnabled":false}},{"__type":"ArtOfTest.WebAii.Design.AutomationStepResult","__value":{"TestName":"Set mailid for appuser","TestPath":"EJBTesting\\Reports Scheduling\\Set mailid for appuser.tstest","TestId":"5f3e0242-93be-4ea2-912d-3677a9b52cac","TestStepIndex":1,"StepDescription":"Navigate to : '/prweb/PRServlet' - DataDriven: [$(BaseURL)]","Exception":null,"ResultType":0,"State":null,"Order":2,"LogMessageOnError":"","UserComment":null,"HashCode":1347723235,"IsManual":false,"WasStepEnabled":false}},{"__type":"ArtOfTest.WebAii.Design.AutomationStepResult","__value":{"TestName":"Set mailid for appuser","TestPath":"EJBTesting\\Reports Scheduling\\Set mailid for appuser.tstest","TestId":"5f3e0242-93be-4ea2-912d-3677a9b52cac","TestStepIndex":2,"StepDescription":"Click 'TxtUserIDEmail'","Exception":null,"ResultType":0,"State":null,"Order":3,"LogMessageOnError":"","UserComment":null,"HashCode":2087960562,"IsManual":false,"WasStepEnabled":false}},{"__type":"ArtOfTest.WebAii.Design.AutomationStepResult","__value":{"TestName":"Set mailid for appuser","TestPath":"EJBTesting\\Reports Scheduling\\Set mailid for appuser.tstest","TestId":"5f3e0242-93be-4ea2-912d-3677a9b52cac","TestStepIndex":3,"StepDescription":"Enter text 'SAE1Architect' in 'TxtUserIDEmail'","Exception":null,"ResultType":0,"State":null,"Order":4,"LogMessageOnError":"","UserComment":null,"HashCode":1106498606,"IsManual":false,"WasStepEnabled":false}},{"__type":"ArtOfTest.WebAii.Design.AutomationStepResult","__value":{"TestName":"Set mailid for appuser","TestPath":"EJBTesting\\Reports Scheduling\\Set mailid for appuser.tstest","TestId":"5f3e0242-93be-4ea2-912d-3677a9b52cac","TestStepIndex":4,"StepDescription":"Enter text 'rules' in 'TxtPasswordPassword'","Exception":null,"ResultType":0,"State":null,"Order":5,"LogMessageOnError":"","UserComment":null,"HashCode":1106498607,"IsManual":false,"WasStepEnabled":false}},{"__type":"ArtOfTest.WebAii.Design.AutomationStepResult","__value":{"TestName":"Set mailid for appuser","TestPath":"EJBTesting\\Reports Scheduling\\Set mailid for appuser.tstest","TestId":"5f3e0242-93be-4ea2-912d-3677a9b52cac","TestStepIndex":5,"StepDescription":"Click 'LogInSpan'","Exception":null,"ResultType":0,"State":null,"Order":6,"LogMessageOnError":"","UserComment":null,"HashCode":2087960565,"IsManual":false,"WasStepEnabled":false}},{"__type":"ArtOfTest.WebAii.Design.AutomationStepResult","__value":{"TestName":"Set mailid for appuser","TestPath":"EJBTesting\\Reports Scheduling\\Set mailid for appuser.tstest","TestId":"5f3e0242-93be-4ea2-912d-3677a9b52cac","TestStepIndex":6,"StepDescription":"Wait for '5000' msec.","Exception":null,"ResultType":0,"State":null,"Order":7,"LogMessageOnError":"","UserComment":null,"HashCode":-1280481824,"IsManual":false,"WasStepEnabled":false}},{"__type":"ArtOfTest.WebAii.Design.AutomationStepResult","__value":{"TestName":"Set mailid for appuser","TestPath":"EJBTesting\\Reports Scheduling\\Set mailid for appuser.tstest","TestId":"5f3e0242-93be-4ea2-912d-3677a9b52cac","TestStepIndex":7,"StepDescription":"Click 'OperatorMenuLink'","Exception":null,"ResultType":0,"State":null,"Order":8,"LogMessageOnError":"","UserComment":null,"HashCode":2087960567,"IsManual":false,"WasStepEnabled":false}},{"__type":"ArtOfTest.WebAii.Design.AutomationStepResult","__value":{"TestName":"Set mailid for appuser","TestPath":"EJBTesting\\Reports Scheduling\\Set mailid for appuser.tstest","TestId":"5f3e0242-93be-4ea2-912d-3677a9b52cac","TestStepIndex":8,"StepDescription":"Click 'ItemMiddleTableCell2'","Exception":null,"ResultType":0,"State":null,"Order":9,"LogMessageOnError":"","UserComment":null,"HashCode":2087960568,"IsManual":false,"WasStepEnabled":false}},{"__type":"ArtOfTest.WebAii.Design.AutomationStepResult","__value":{"TestName":"Set mailid for appuser","TestPath":"EJBTesting\\Reports Scheduling\\Set mailid for appuser.tstest","TestId":"5f3e0242-93be-4ea2-912d-3677a9b52cac","TestStepIndex":9,"StepDescription":"Enter text 'ravi740136@gmail.com' in 'PyEmailAddressText'","Exception":null,"ResultType":0,"State":null,"Order":10,"LogMessageOnError":"","UserComment":null,"HashCode":1106498612,"IsManual":false,"WasStepEnabled":false}},{"__type":"ArtOfTest.WebAii.Design.AutomationStepResult","__value":{"TestName":"Set mailid for appuser","TestPath":"EJBTesting\\Reports Scheduling\\Set mailid for appuser.tstest","TestId":"5f3e0242-93be-4ea2-912d-3677a9b52cac","TestStepIndex":10,"StepDescription":"Click 'SaveDiv'","Exception":null,"ResultType":0,"State":null,"Order":11,"LogMessageOnError":"","UserComment":null,"HashCode":2087960570,"IsManual":false,"WasStepEnabled":false}},{"__type":"ArtOfTest.WebAii.Design.AutomationStepResult","__value":{"TestName":"Set mailid for appuser","TestPath":"EJBTesting\\Reports Scheduling\\Set mailid for appuser.tstest","TestId":"5f3e0242-93be-4ea2-912d-3677a9b52cac","TestStepIndex":11,"StepDescription":"Wait for '5000' msec.","Exception":null,"ResultType":0,"State":null,"Order":12,"LogMessageOnError":"","UserComment":null,"HashCode":-1280481819,"IsManual":false,"WasStepEnabled":false}},{"__type":"ArtOfTest.WebAii.Design.AutomationStepResult","__value":{"TestName":"Set mailid for appuser","TestPath":"EJBTesting\\Reports Scheduling\\Set mailid for appuser.tstest","TestId":"5f3e0242-93be-4ea2-912d-3677a9b52cac","TestStepIndex":12,"StepDescription":"Click 'OperatorMenuLink'","Exception":null,"ResultType":0,"State":null,"Order":13,"LogMessageOnError":"","UserComment":null,"HashCode":2087960572,"IsManual":false,"WasStepEnabled":false}},{"__type":"ArtOfTest.WebAii.Design.AutomationStepResult","__value":{"TestName":"Set mailid for appuser","TestPath":"EJBTesting\\Reports Scheduling\\Set mailid for appuser.tstest","TestId":"5f3e0242-93be-4ea2-912d-3677a9b52cac","TestStepIndex":13,"StepDescription":"Click 'ItemMiddleTableCell2'","Exception":null,"ResultType":0,"State":null,"Order":14,"LogMessageOnError":"","UserComment":null,"HashCode":2087960573,"IsManual":false,"WasStepEnabled":false}}],"NotRunStepDescriptions":[],"TotalPassedSteps":14,"ExecutingTestStepCount":14,"TotalNumberOfNotRunSteps":0,"IsDataDrivenResult":true,"DataIterationResults":[{"__type":"ArtOfTest.WebAii.Design.Execution.DataIterationResult","__value":{"Result":{"__type":"ArtOfTest.WebAii.Design.Execution.TestResult","__value":{"Browser":0,"ExeType":5,"SeparatorLineCharCount":60,"Message":"Overall Result: Pass\r\n------------------------------------------------------------\r\n'15-05-2014 08:51:50' - Enabling Html Popup Tracker. Test expecting Popups.\r\n'15-05-2014 08:51:50' - Using 'InternetExplorer' version '9.0' as default browser. \r\n'15-05-2014 08:51:50' - 'Pass' : 1. [Set_mailid_for_appuser_CodedStep] : New Coded Step\r\n'15-05-2014 08:51:51' - 'Pass' : 2. Navigate to : '/prweb/PRServlet' - DataDriven: [$(BaseURL)]\r\n'15-05-2014 08:51:51' - 'Pass' : 3. Click 'TxtUserIDEmail'\r\n'15-05-2014 08:51:51' - 'Pass' : 4. Enter text 'SAE1Architect' in 'TxtUserIDEmail'\r\n'15-05-2014 08:51:51' - 'Pass' : 5. Enter text 'rules' in 'TxtPasswordPassword'\r\n'15-05-2014 08:51:54' - 'Pass' : 6. Click 'LogInSpan'\r\n'15-05-2014 08:51:59' - 'Pass' : 7. Wait for '5000' msec.\r\n'15-05-2014 08:52:00' - 'Pass' : 8. Click 'OperatorMenuLink'\r\n'15-05-2014 08:52:02' - 'Pass' : 9. Click 'ItemMiddleTableCell2'\r\n'15-05-2014 08:52:04' - 'Pass' : 10. Enter text 'ravi740136@gmail.com' in 'PyEmailAddressText'\r\n'15-05-2014 08:52:05' - 'Pass' : 11. Click 'SaveDiv'\r\n'15-05-2014 08:52:10' - 'Pass' : 12. Wait for '5000' msec.\r\n'15-05-2014 08:52:11' - 'Pass' : 13. Click 'OperatorMenuLink'\r\n'15-05-2014 08:52:12' - 'Pass' : 14. Click 'ItemMiddleTableCell2'\r\n------------------------------------------------------------\r\n'15-05-2014 08:52:12' - Overall Result: Pass\r\n'15-05-2014 08:52:12' - Duration: [0 min: 21 sec: 932 msec]\r\n------------------------------------------------------------\r\n\r\n","FailureException":null,"Result":0,"TestId":"5f3e0242-93be-4ea2-912d-3677a9b52cac","TestName":"Set mailid for appuser","TestPath":"EJBTesting\\Reports Scheduling\\Set mailid for appuser.tstest","TestOwner":"","TestDescription":"","ProjectPath":"","StepResults":[{"__type":"ArtOfTest.WebAii.Design.AutomationStepResult","__value":{"TestName":"Set mailid for appuser","TestPath":"EJBTesting\\Reports Scheduling\\Set mailid for appuser.tstest","TestId":"5f3e0242-93be-4ea2-912d-3677a9b52cac","TestStepIndex":0,"StepDescription":"[Set_mailid_for_appuser_CodedStep] : New Coded Step","Exception":null,"ResultType":0,"State":null,"Order":1,"LogMessageOnError":"","UserComment":null,"HashCode":2113398266,"IsManual":false,"WasStepEnabled":false}},{"__type":"ArtOfTest.WebAii.Design.AutomationStepResult","__value":{"TestName":"Set mailid for appuser","TestPath":"EJBTesting\\Reports Scheduling\\Set mailid for appuser.tstest","TestId":"5f3e0242-93be-4ea2-912d-3677a9b52cac","TestStepIndex":1,"StepDescription":"Navigate to : '/prweb/PRServlet' - DataDriven: [$(BaseURL)]","Exception":null,"ResultType":0,"State":null,"Order":2,"LogMessageOnError":"","UserComment":null,"HashCode":1347723235,"IsManual":false,"WasStepEnabled":false}},{"__type":"ArtOfTest.WebAii.Design.AutomationStepResult","__value":{"TestName":"Set mailid for appuser","TestPath":"EJBTesting\\Reports Scheduling\\Set mailid for appuser.tstest","TestId":"5f3e0242-93be-4ea2-912d-3677a9b52cac","TestStepIndex":2,"StepDescription":"Click 'TxtUserIDEmail'","Exception":null,"ResultType":0,"State":null,"Order":3,"LogMessageOnError":"","UserComment":null,"HashCode":2087960562,"IsManual":false,"WasStepEnabled":false}},{"__type":"ArtOfTest.WebAii.Design.AutomationStepResult","__value":{"TestName":"Set mailid for appuser","TestPath":"EJBTesting\\Reports Scheduling\\Set mailid for appuser.tstest","TestId":"5f3e0242-93be-4ea2-912d-3677a9b52cac","TestStepIndex":3,"StepDescription":"Enter text 'SAE1Architect' in 'TxtUserIDEmail'","Exception":null,"ResultType":0,"State":null,"Order":4,"LogMessageOnError":"","UserComment":null,"HashCode":1106498606,"IsManual":false,"WasStepEnabled":false}},{"__type":"ArtOfTest.WebAii.Design.AutomationStepResult","__value":{"TestName":"Set mailid for appuser","TestPath":"EJBTesting\\Reports Scheduling\\Set mailid for appuser.tstest","TestId":"5f3e0242-93be-4ea2-912d-3677a9b52cac","TestStepIndex":4,"StepDescription":"Enter text 'rules' in 'TxtPasswordPassword'","Exception":null,"ResultType":0,"State":null,"Order":5,"LogMessageOnError":"","UserComment":null,"HashCode":1106498607,"IsManual":false,"WasStepEnabled":false}},{"__type":"ArtOfTest.WebAii.Design.AutomationStepResult","__value":{"TestName":"Set mailid for appuser","TestPath":"EJBTesting\\Reports Scheduling\\Set mailid for appuser.tstest","TestId":"5f3e0242-93be-4ea2-912d-3677a9b52cac","TestStepIndex":5,"StepDescription":"Click 'LogInSpan'","Exception":null,"ResultType":0,"State":null,"Order":6,"LogMessageOnError":"","UserComment":null,"HashCode":2087960565,"IsManual":false,"WasStepEnabled":false}},{"__type":"ArtOfTest.WebAii.Design.AutomationStepResult","__value":{"TestName":"Set mailid for appuser","TestPath":"EJBTesting\\Reports Scheduling\\Set mailid for appuser.tstest","TestId":"5f3e0242-93be-4ea2-912d-3677a9b52cac","TestStepIndex":6,"StepDescription":"Wait for '5000' msec.","Exception":null,"ResultType":0,"State":null,"Order":7,"LogMessageOnError":"","UserComment":null,"HashCode":-1280481824,"IsManual":false,"WasStepEnabled":false}},{"__type":"ArtOfTest.WebAii.Design.AutomationStepResult","__value":{"TestName":"Set mailid for appuser","TestPath":"EJBTesting\\Reports Scheduling\\Set mailid for appuser.tstest","TestId":"5f3e0242-93be-4ea2-912d-3677a9b52cac","TestStepIndex":7,"StepDescription":"Click 'OperatorMenuLink'","Exception":null,"ResultType":0,"State":null,"Order":8,"LogMessageOnError":"","UserComment":null,"HashCode":2087960567,"IsManual":false,"WasStepEnabled":false}},{"__type":"ArtOfTest.WebAii.Design.AutomationStepResult","__value":{"TestName":"Set mailid for appuser","TestPath":"EJBTesting\\Reports Scheduling\\Set mailid for appuser.tstest","TestId":"5f3e0242-93be-4ea2-912d-3677a9b52cac","TestStepIndex":8,"StepDescription":"Click 'ItemMiddleTableCell2'","Exception":null,"ResultType":0,"State":null,"Order":9,"LogMessageOnError":"","UserComment":null,"HashCode":2087960568,"IsManual":false,"WasStepEnabled":false}},{"__type":"ArtOfTest.WebAii.Design.AutomationStepResult","__value":{"TestName":"Set mailid for appuser","TestPath":"EJBTesting\\Reports Scheduling\\Set mailid for appuser.tstest","TestId":"5f3e0242-93be-4ea2-912d-3677a9b52cac","TestStepIndex":9,"StepDescription":"Enter text 'ravi740136@gmail.com' in 'PyEmailAddressText'","Exception":null,"ResultType":0,"State":null,"Order":10,"LogMessageOnError":"","UserComment":null,"HashCode":1106498612,"IsManual":false,"WasStepEnabled":false}},{"__type":"ArtOfTest.WebAii.Design.AutomationStepResult","__value":{"TestName":"Set mailid for appuser","TestPath":"EJBTesting\\Reports Scheduling\\Set mailid for appuser.tstest","TestId":"5f3e0242-93be-4ea2-912d-3677a9b52cac","TestStepIndex":10,"StepDescription":"Click 'SaveDiv'","Exception":null,"ResultType":0,"State":null,"Order":11,"LogMessageOnError":"","UserComment":null,"HashCode":2087960570,"IsManual":false,"WasStepEnabled":false}},{"__type":"ArtOfTest.WebAii.Design.AutomationStepResult","__value":{"TestName":"Set mailid for appuser","TestPath":"EJBTesting\\Reports Scheduling\\Set mailid for appuser.tstest","TestId":"5f3e0242-93be-4ea2-912d-3677a9b52cac","TestStepIndex":11,"StepDescription":"Wait for '5000' msec.","Exception":null,"ResultType":0,"State":null,"Order":12,"LogMessageOnError":"","UserComment":null,"HashCode":-1280481819,"IsManual":false,"WasStepEnabled":false}},{"__type":"ArtOfTest.WebAii.Design.AutomationStepResult","__value":{"TestName":"Set mailid for appuser","TestPath":"EJBTesting\\Reports Scheduling\\Set mailid for appuser.tstest","TestId":"5f3e0242-93be-4ea2-912d-3677a9b52cac","TestStepIndex":12,"StepDescription":"Click 'OperatorMenuLink'","Exception":null,"ResultType":0,"State":null,"Order":13,"LogMessageOnError":"","UserComment":null,"HashCode":2087960572,"IsManual":false,"WasStepEnabled":false}},{"__type":"ArtOfTest.WebAii.Design.AutomationStepResult","__value":{"TestName":"Set mailid for appuser","TestPath":"EJBTesting\\Reports Scheduling\\Set mailid for appuser.tstest","TestId":"5f3e0242-93be-4ea2-912d-3677a9b52cac","TestStepIndex":13,"StepDescription":"Click 'ItemMiddleTableCell2'","Exception":null,"ResultType":0,"State":null,"Order":14,"LogMessageOnError":"","UserComment":null,"HashCode":2087960573,"IsManual":false,"WasStepEnabled":false}}],"NotRunStepDescriptions":[],"TotalPassedSteps":14,"ExecutingTestStepCount":14,"TotalNumberOfNotRunSteps":0,"IsDataDrivenResult":false,"DataIterationResults":[],"EndTime":"2014-05-15T08:52:12.4835712-04:00","StartTime":"2014-05-15T08:51:50.5513782-04:00","ProfilerResultsPath":null,"VersionGroupKey":"00000000-0000-0000-0000-000000000000","CommitedBy":null}},"Iteration":"[Iteration #1: (BaseURL=http://localhost:9080)(adminlogin=administrator@pega.com)(adminpassword=install)(hrservices jar=E:\\share\\HRServicesSample.jar)(candfn=fn1)(candln=ln1)(appuserlogin=sae1architect)(appuserpassword=rules)]"}}],"EndTime":"2014-05-15T08:52:12.4885717-04:00","StartTime":"2014-05-15T08:51:50.5503781-04:00","ProfilerResultsPath":null,"VersionGroupKey":"00000000-0000-0000-0000-000000000000","CommitedBy":null}},"ResultType":0,"Exception":null,"TestName":"Schedule Reports and message","TestPath":"EJBTesting\\Reports Scheduling\\Schedule Reports and message.tstest","TestId":"74b04326-16fa-4c3e-9136-009f76f909ff","TestStepIndex":0,"StepDescription":"Execute test 'Set mailid for appuser.tstest'","State":null,"Order":1,"LogMessageOnError":"","UserComment":null,"HashCode":-832664899,"IsManual":false,"WasStepEnabled":false}},{"__type":"ArtOfTest.WebAii.Design.Execution.TestAsStepResult","__value":{"TestResult":{"__type":"ArtOfTest.WebAii.Design.Execution.TestResult","__value":{"Browser":0,"ExeType":5,"SeparatorLineCharCount":60,"Message":"Overall Result: Pass\r\n------------------------------------------------------------\r\n'15-05-2014 08:52:12' - Enabling Html Popup Tracker. Test expecting Popups.\r\n'15-05-2014 08:52:12' - Using 'InternetExplorer' version '9.0' as default browser. \r\n'15-05-2014 08:52:12' - 'NotRun' : 1. Navigate to : '/prweb/PRServlet' - DataDriven: [$(BaseURL)]\r\n'15-05-2014 08:52:17' - 'Pass' : 2. Wait for '5000' msec.\r\n'15-05-2014 08:52:17' - 'Pass' : 3. Click 'TxtUserIDEmail'\r\n'15-05-2014 08:52:18' - 'Pass' : 4. Enter text 'SAE1Architect' in 'TxtUserIDEmail'\r\n'15-05-2014 08:52:18' - 'Pass' : 5. Enter text 'rules' in 'TxtPasswordPassword'\r\n'15-05-2014 08:52:23' - 'Pass' : 6. Click 'LogInSpan'\r\n'15-05-2014 08:52:28' - 'Pass' : 7. Wait for '5000' msec.\r\n'15-05-2014 08:52:28' - 'Pass' : 8. Click 'ItemMiddleLink'\r\n'15-05-2014 08:52:33' - 'Pass' : 9. Wait for '5000' msec.\r\n'15-05-2014 08:52:33' - 'Pass' : 10. Desktop command: HoverOver on ItemMiddleTableCell\r\n'15-05-2014 08:52:34' - 'Pass' : 11. Desktop command: HoverOver on ItemMiddleTableCell0\r\n'15-05-2014 08:52:34' - 'Pass' : 12. Desktop command: LeftClick on ItemMiddleTableCell1\r\n'15-05-2014 08:52:39' - 'Pass' : 13. Wait for '5000' msec.\r\n'15-05-2014 08:52:40' - 'Pass' : 14. Click 'AddCategoryDiv'\r\n'15-05-2014 08:52:41' - 'Pass' : 15. Click 'ModaldialogHdDiv'\r\n'15-05-2014 08:52:41' - 'Pass' : 16. Enter text 'schedulereports28' in 'PyCategoryNameText'\r\n'15-05-2014 08:52:42' - 'Pass' : 17. Enter text 'schedulerports28' in 'PyCategoryDescriptionText'\r\n'15-05-2014 08:52:42' - 'Pass' : 18. Click 'ModalButtonSubmitButtonTag'\r\n'15-05-2014 08:52:47' - 'Pass' : 19. Wait for '5000' msec.\r\n------------------------------------------------------------\r\n'15-05-2014 08:52:47' - Overall Result: Pass\r\n'15-05-2014 08:52:47' - Duration: [0 min: 34 sec: 842 msec]\r\n------------------------------------------------------------\r\n\r\n","FailureException":null,"Result":0,"TestId":"ce548343-fb77-494d-8b70-b69d81150159","TestName":"Create new category for Report","TestPath":"EJBTesting\\Reports Scheduling\\Create new category for Report.tstest","TestOwner":"","TestDescription":"","ProjectPath":"","StepResults":[{"__type":"ArtOfTest.WebAii.Design.AutomationStepResult","__value":{"TestName":"Create new category for Report","TestPath":"EJBTesting\\Reports Scheduling\\Create new category for Report.tstest","TestId":"ce548343-fb77-494d-8b70-b69d81150159","TestStepIndex":0,"StepDescription":"Navigate to : '/prweb/PRServlet' - DataDriven: [$(BaseURL)]","Exception":null,"ResultType":2,"State":null,"Order":1,"LogMessageOnError":"","UserComment":null,"HashCode":1347723234,"IsManual":false,"WasStepEnabled":false}},{"__type":"ArtOfTest.WebAii.Design.AutomationStepResult","__value":{"TestName":"Create new category for Report","TestPath":"EJBTesting\\Reports Scheduling\\Create new category for Report.tstest","TestId":"ce548343-fb77-494d-8b70-b69d81150159","TestStepIndex":1,"StepDescription":"Wait for '5000' msec.","Exception":null,"ResultType":0,"State":null,"Order":2,"LogMessageOnError":"","UserComment":null,"HashCode":-1280481829,"IsManual":false,"WasStepEnabled":false}},{"__type":"ArtOfTest.WebAii.Design.AutomationStepResult","__value":{"TestName":"Create new category for Report","TestPath":"EJBTesting\\Reports Scheduling\\Create new category for Report.tstest","TestId":"ce548343-fb77-494d-8b70-b69d81150159","TestStepIndex":2,"StepDescription":"Click 'TxtUserIDEmail'","Exception":null,"ResultType":0,"State":null,"Order":3,"LogMessageOnError":"","UserComment":null,"HashCode":2087960562,"IsManual":false,"WasStepEnabled":false}},{"__type":"ArtOfTest.WebAii.Design.AutomationStepResult","__value":{"TestName":"Create new category for Report","TestPath":"EJBTesting\\Reports Scheduling\\Create new category for Report.tstest","TestId":"ce548343-fb77-494d-8b70-b69d81150159","TestStepIndex":3,"StepDescription":"Enter text 'SAE1Architect' in 'TxtUserIDEmail'","Exception":null,"ResultType":0,"State":null,"Order":4,"LogMessageOnError":"","UserComment":null,"HashCode":1106498606,"IsManual":false,"WasStepEnabled":false}},{"__type":"ArtOfTest.WebAii.Design.AutomationStepResult","__value":{"TestName":"Create new category for Report","TestPath":"EJBTesting\\Reports Scheduling\\Create new category for Report.tstest","TestId":"ce548343-fb77-494d-8b70-b69d81150159","TestStepIndex":4,"StepDescription":"Enter text 'rules' in 'TxtPasswordPassword'","Exception":null,"ResultType":0,"State":null,"Order":5,"LogMessageOnError":"","UserComment":null,"HashCode":1106498607,"IsManual":false,"WasStepEnabled":false}},{"__type":"ArtOfTest.WebAii.Design.AutomationStepResult","__value":{"TestName":"Create new category for Report","TestPath":"EJBTesting\\Reports Scheduling\\Create new category for Report.tstest","TestId":"ce548343-fb77-494d-8b70-b69d81150159","TestStepIndex":5,"StepDescription":"Click 'LogInSpan'","Exception":null,"ResultType":0,"State":null,"Order":6,"LogMessageOnError":"","UserComment":null,"HashCode":2087960565,"IsManual":false,"WasStepEnabled":false}},{"__type":"ArtOfTest.WebAii.Design.AutomationStepResult","__value":{"TestName":"Create new category for Report","TestPath":"EJBTesting\\Reports Scheduling\\Create new category for Report.tstest","TestId":"ce548343-fb77-494d-8b70-b69d81150159","TestStepIndex":6,"StepDescription":"Wait for '5000' msec.","Exception":null,"ResultType":0,"State":null,"Order":7,"LogMessageOnError":"","UserComment":null,"HashCode":-1280481824,"IsManual":false,"WasStepEnabled":false}},{"__type":"ArtOfTest.WebAii.Design.AutomationStepResult","__value":{"TestName":"Create new category for Report","TestPath":"EJBTesting\\Reports Scheduling\\Create new category for Report.tstest","TestId":"ce548343-fb77-494d-8b70-b69d81150159","TestStepIndex":7,"StepDescription":"Click 'ItemMiddleLink'","Exception":null,"ResultType":0,"State":null,"Order":8,"LogMessageOnError":"","UserComment":null,"HashCode":2087960567,"IsManual":false,"WasStepEnabled":false}},{"__type":"ArtOfTest.WebAii.Design.AutomationStepResult","__value":{"TestName":"Create new category for Report","TestPath":"EJBTesting\\Reports Scheduling\\Create new category for Report.tstest","TestId":"ce548343-fb77-494d-8b70-b69d81150159","TestStepIndex":8,"StepDescription":"Wait for '5000' msec.","Exception":null,"ResultType":0,"State":null,"Order":9,"LogMessageOnError":"","UserComment":null,"HashCode":-1280481822,"IsManual":false,"WasStepEnabled":false}},{"__type":"ArtOfTest.WebAii.Design.AutomationStepResult","__value":{"TestName":"Create new category for Report","TestPath":"EJBTesting\\Reports Scheduling\\Create new category for Report.tstest","TestId":"ce548343-fb77-494d-8b70-b69d81150159","TestStepIndex":9,"StepDescription":"Desktop command: HoverOver on ItemMiddleTableCell","Exception":null,"ResultType":0,"State":null,"Order":10,"LogMessageOnError":"","UserComment":null,"HashCode":1877738760,"IsManual":false,"WasStepEnabled":false}},{"__type":"ArtOfTest.WebAii.Design.AutomationStepResult","__value":{"TestName":"Create new category for Report","TestPath":"EJBTesting\\Reports Scheduling\\Create new category for Report.tstest","TestId":"ce548343-fb77-494d-8b70-b69d81150159","TestStepIndex":10,"StepDescription":"Desktop command: HoverOver on ItemMiddleTableCell0","Exception":null,"ResultType":0,"State":null,"Order":11,"LogMessageOnError":"","UserComment":null,"HashCode":1877738761,"IsManual":false,"WasStepEnabled":false}},{"__type":"ArtOfTest.WebAii.Design.AutomationStepResult","__value":{"TestName":"Create new category for Report","TestPath":"EJBTesting\\Reports Scheduling\\Create new category for Report.tstest","TestId":"ce548343-fb77-494d-8b70-b69d81150159","TestStepIndex":11,"StepDescription":"Desktop command: LeftClick on ItemMiddleTableCell1","Exception":null,"ResultType":0,"State":null,"Order":12,"LogMessageOnError":"","UserComment":null,"HashCode":1877738762,"IsManual":false,"WasStepEnabled":false}},{"__type":"ArtOfTest.WebAii.Design.AutomationStepResult","__value":{"TestName":"Create new category for Report","TestPath":"EJBTesting\\Reports Scheduling\\Create new category for Report.tstest","TestId":"ce548343-fb77-494d-8b70-b69d81150159","TestStepIndex":12,"StepDescription":"Wait for '5000' msec.","Exception":null,"ResultType":0,"State":null,"Order":13,"LogMessageOnError":"","UserComment":null,"HashCode":-1280481818,"IsManual":false,"WasStepEnabled":false}},{"__type":"ArtOfTest.WebAii.Design.AutomationStepResult","__value":{"TestName":"Create new category for Report","TestPath":"EJBTesting\\Reports Scheduling\\Create new category for Report.tstest","TestId":"ce548343-fb77-494d-8b70-b69d81150159","TestStepIndex":13,"StepDescription":"Click 'AddCategoryDiv'","Exception":null,"ResultType":0,"State":null,"Order":14,"LogMessageOnError":"","UserComment":null,"HashCode":2087960573,"IsManual":false,"WasStepEnabled":false}},{"__type":"ArtOfTest.WebAii.Design.AutomationStepResult","__value":{"TestName":"Create new category for Report","TestPath":"EJBTesting\\Reports Scheduling\\Create new category for Report.tstest","TestId":"ce548343-fb77-494d-8b70-b69d81150159","TestStepIndex":14,"StepDescription":"Click 'ModaldialogHdDiv'","Exception":null,"ResultType":0,"State":null,"Order":15,"LogMessageOnError":"","UserComment":null,"HashCode":2087960574,"IsManual":false,"WasStepEnabled":false}},{"__type":"ArtOfTest.WebAii.Design.AutomationStepResult","__value":{"TestName":"Create new category for Report","TestPath":"EJBTesting\\Reports Scheduling\\Create new category for Report.tstest","TestId":"ce548343-fb77-494d-8b70-b69d81150159","TestStepIndex":15,"StepDescription":"Enter text 'schedulereports28' in 'PyCategoryNameText'","Exception":null,"ResultType":0,"State":null,"Order":16,"LogMessageOnError":"","UserComment":null,"HashCode":1106498618,"IsManual":false,"WasStepEnabled":false}},{"__type":"ArtOfTest.WebAii.Design.AutomationStepResult","__value":{"TestName":"Create new category for Report","TestPath":"EJBTesting\\Reports Scheduling\\Create new category for Report.tstest","TestId":"ce548343-fb77-494d-8b70-b69d81150159","TestStepIndex":16,"StepDescription":"Enter text 'schedulerports28' in 'PyCategoryDescriptionText'","Exception":null,"ResultType":0,"State":null,"Order":17,"LogMessageOnError":"","UserComment":null,"HashCode":1106498619,"IsManual":false,"WasStepEnabled":false}},{"__type":"ArtOfTest.WebAii.Design.AutomationStepResult","__value":{"TestName":"Create new category for Report","TestPath":"EJBTesting\\Reports Scheduling\\Create new category for Report.tstest","TestId":"ce548343-fb77-494d-8b70-b69d81150159","TestStepIndex":17,"StepDescription":"Click 'ModalButtonSubmitButtonTag'","Exception":null,"ResultType":0,"State":null,"Order":18,"LogMessageOnError":"","UserComment":null,"HashCode":2087960577,"IsManual":false,"WasStepEnabled":false}},{"__type":"ArtOfTest.WebAii.Design.AutomationStepResult","__value":{"TestName":"Create new category for Report","TestPath":"EJBTesting\\Reports Scheduling\\Create new category for Report.tstest","TestId":"ce548343-fb77-494d-8b70-b69d81150159","TestStepIndex":18,"StepDescription":"Wait for '5000' msec.","Exception":null,"ResultType":0,"State":null,"Order":19,"LogMessageOnError":"","UserComment":null,"HashCode":-1280481812,"IsManual":false,"WasStepEnabled":false}}],"NotRunStepDescriptions":[],"TotalPassedSteps":18,"ExecutingTestStepCount":18,"TotalNumberOfNotRunSteps":1,"IsDataDrivenResult":false,"DataIterationResults":[],"EndTime":"2014-05-15T08:52:47.7520977-04:00","StartTime":"2014-05-15T08:52:12.9096138-04:00","ProfilerResultsPath":null,"VersionGroupKey":"00000000-0000-0000-0000-000000000000","CommitedBy":null}},"ResultType":0,"Exception":null,"TestName":"Schedule Reports and message","TestPath":"EJBTesting\\Reports Scheduling\\Schedule Reports and message.tstest","TestId":"74b04326-16fa-4c3e-9136-009f76f909ff","TestStepIndex":1,"StepDescription":"Execute test 'Create new category for Report.tstest'","State":null,"Order":2,"LogMessageOnError":"","UserComment":null,"HashCode":-832664898,"IsManual":false,"WasStepEnabled":false}},{"__type":"ArtOfTest.WebAii.Design.Execution.TestAsStepResult","__value":{"TestResult":{"__type":"ArtOfTest.WebAii.Design.Execution.TestResult","__value":{"Browser":0,"ExeType":5,"SeparatorLineCharCount":60,"Message":"Overall Result: Pass\r\n------------------------------------------------------------\r\n'15-05-2014 08:52:48' - Detected custom code in test. Locating test assembly: PRPC.dll.\r\n'15-05-2014 08:52:48' - Assembly Found: C:\\Users\\jakkr\\Documents\\Test Studio Projects\\PRPC\\bin\\PRPC.dll\r\n'15-05-2014 08:52:48' - Loading code class: 'PRPC.Add_Report_To_Category'.\r\n------------------------------------------------------------\r\n------------------------------------------------------------\r\n'15-05-2014 08:52:48' - Enabling Html Popup Tracker. Test expecting Popups.\r\n'15-05-2014 08:52:48' - Using 'InternetExplorer' version '9.0' as default browser. \r\n'15-05-2014 08:52:48' - 'Pass' : 1. Click 'AddReportDiv'\r\n'15-05-2014 08:52:48' - 'Pass' : 2. Click 'ModaldialogHdDiv'\r\n'15-05-2014 08:52:49' - 'Pass' : 3. Click 'ModalButtonSubmitButtonTag'\r\n'15-05-2014 08:52:52' - 'Pass' : 4. Wait for '3000' msec.\r\n'15-05-2014 08:52:56' - 'Pass' : 5. Connect to pop-up window : '/prweb/PRServlet/rP_YUoU5v4VpHC7zgKdtRfYWDHA1OZuBMT3A8rk8PgI%5B*/!TABTHREAD0?pyActivity=Rule-Obj-Report-Definition.pzOpenNewReport&pzPrimaryPageName=TempNewReportPage'\r\n'15-05-2014 08:52:56' - 'NotRun' : 6. [Add_Report_To_Category_CodedStep] : New Coded Step\r\n'15-05-2014 08:52:56' - 'Pass' : 7. Click 'PEGALUCDiv'\r\n'15-05-2014 08:52:57' - 'Pass' : 8. Click 'PzCommandToolbarInnerPyReportContentPage37Link'\r\n'15-05-2014 08:53:02' - 'Pass' : 9. Click 'ModaldialogHdDiv'\r\n'15-05-2014 08:53:02' - 'Pass' : 10. Click 'CTDiv'\r\n'15-05-2014 08:53:03' - 'Pass' : 11. Select 'ByValue' option 'schedulereports28' on 'PyCategoryNameSelect'\r\n'15-05-2014 08:53:04' - 'Pass' : 12. Enter text 'mycandidatereports29' in 'PyStreamNameText'\r\n'15-05-2014 08:53:04' - 'Pass' : 13. Enter text 'mycandidatereports29' in 'PyReportTitleText'\r\n'15-05-2014 08:53:04' - 'Pass' : 14. Click 'ModalButtonSubmitButtonTag'\r\n'15-05-2014 08:53:09' - 'Pass' : 15. Wait for '5000' msec.\r\n'15-05-2014 08:53:10' - 'Pass' : 16. Click 'NavMiddleTableCell'\r\n'15-05-2014 08:53:15' - 'Pass' : 17. Wait for '5000' msec.\r\n'15-05-2014 08:53:15' - 'Pass' : 18. Click 'ApplyChangesDiv'\r\n'15-05-2014 08:53:15' - 'NotRun' : 19. Desktop command: LeftClick on ApplyChangesDiv\r\n'15-05-2014 08:53:20' - 'Pass' : 20. Wait for '5000' msec.\r\n'15-05-2014 08:53:20' - 'Pass' : 21. Click 'PEGALUCDiv'\r\n'15-05-2014 08:53:20' - 'Pass' : 22. Close pop-up window : '/prweb/PRServlet/rP_YUoU5v4VpHC7zgKdtRfYWDHA1OZuBMT3A8rk8PgI%5B*/!TABTHREAD0?pyActivity=Code-Pega-List.pzDisplayReportDesignMode&bDesignMode=false&reportconfigsec=none&pzPrimaryPageName=pyReportContentPage'\r\n------------------------------------------------------------\r\n'15-05-2014 08:53:20' - Overall Result: Pass\r\n'15-05-2014 08:53:20' - Duration: [0 min: 32 sec: 791 msec]\r\n------------------------------------------------------------\r\n\r\n","FailureException":null,"Result":0,"TestId":"4ec03d4e-a80e-4801-a2e8-dfde6dfc7908","TestName":"Add Report To Category","TestPath":"EJBTesting\\Reports Scheduling\\Add Report To Category.tstest","TestOwner":"","TestDescription":"","ProjectPath":"","StepResults":[{"__type":"ArtOfTest.WebAii.Design.AutomationStepResult","__value":{"TestName":"Add Report To Category","TestPath":"EJBTesting\\Reports Scheduling\\Add Report To Category.tstest","TestId":"4ec03d4e-a80e-4801-a2e8-dfde6dfc7908","TestStepIndex":0,"StepDescription":"Click 'AddReportDiv'","Exception":null,"ResultType":0,"State":null,"Order":1,"LogMessageOnError":"","UserComment":null,"HashCode":2087960560,"IsManual":false,"WasStepEnabled":false}},{"__type":"ArtOfTest.WebAii.Design.AutomationStepResult","__value":{"TestName":"Add Report To Category","TestPath":"EJBTesting\\Reports Scheduling\\Add Report To Category.tstest","TestId":"4ec03d4e-a80e-4801-a2e8-dfde6dfc7908","TestStepIndex":1,"StepDescription":"Click 'ModaldialogHdDiv'","Exception":null,"ResultType":0,"State":null,"Order":2,"LogMessageOnError":"","UserComment":null,"HashCode":2087960561,"IsManual":false,"WasStepEnabled":false}},{"__type":"ArtOfTest.WebAii.Design.AutomationStepResult","__value":{"TestName":"Add Report To Category","TestPath":"EJBTesting\\Reports Scheduling\\Add Report To Category.tstest","TestId":"4ec03d4e-a80e-4801-a2e8-dfde6dfc7908","TestStepIndex":2,"StepDescription":"Click 'ModalButtonSubmitButtonTag'","Exception":null,"ResultType":0,"State":null,"Order":3,"LogMessageOnError":"","UserComment":null,"HashCode":2087960562,"IsManual":false,"WasStepEnabled":false}},{"__type":"ArtOfTest.WebAii.Design.AutomationStepResult","__value":{"TestName":"Add Report To Category","TestPath":"EJBTesting\\Reports Scheduling\\Add Report To Category.tstest","TestId":"4ec03d4e-a80e-4801-a2e8-dfde6dfc7908","TestStepIndex":3,"StepDescription":"Wait for '3000' msec.","Exception":null,"ResultType":0,"State":null,"Order":4,"LogMessageOnError":"","UserComment":null,"HashCode":-1280481827,"IsManual":false,"WasStepEnabled":false}},{"__type":"ArtOfTest.WebAii.Design.AutomationStepResult","__value":{"TestName":"Add Report To Category","TestPath":"EJBTesting\\Reports Scheduling\\Add Report To Category.tstest","TestId":"4ec03d4e-a80e-4801-a2e8-dfde6dfc7908","TestStepIndex":4,"StepDescription":"Connect to pop-up window : '/prweb/PRServlet/rP_YUoU5v4VpHC7zgKdtRfYWDHA1OZuBMT3A8rk8PgI%5B*/!TABTHREAD0?pyActivity=Rule-Obj-Report-Definition.pzOpenNewReport&pzPrimaryPageName=TempNewReportPage'","Exception":null,"ResultType":0,"State":null,"Order":5,"LogMessageOnError":"","UserComment":null,"HashCode":512605109,"IsManual":false,"WasStepEnabled":false}},{"__type":"ArtOfTest.WebAii.Design.AutomationStepResult","__value":{"TestName":"Add Report To Category","TestPath":"EJBTesting\\Reports Scheduling\\Add Report To Category.tstest","TestId":"4ec03d4e-a80e-4801-a2e8-dfde6dfc7908","TestStepIndex":5,"StepDescription":"[Add_Report_To_Category_CodedStep] : New Coded Step","Exception":null,"ResultType":2,"State":null,"Order":6,"LogMessageOnError":"","UserComment":null,"HashCode":2113398271,"IsManual":false,"WasStepEnabled":false}},{"__type":"ArtOfTest.WebAii.Design.AutomationStepResult","__value":{"TestName":"Add Report To Category","TestPath":"EJBTesting\\Reports Scheduling\\Add Report To Category.tstest","TestId":"4ec03d4e-a80e-4801-a2e8-dfde6dfc7908","TestStepIndex":6,"StepDescription":"Click 'PEGALUCDiv'","Exception":null,"ResultType":0,"State":null,"Order":7,"LogMessageOnError":"","UserComment":null,"HashCode":2087960566,"IsManual":false,"WasStepEnabled":false}},{"__type":"ArtOfTest.WebAii.Design.AutomationStepResult","__value":{"TestName":"Add Report To Category","TestPath":"EJBTesting\\Reports Scheduling\\Add Report To Category.tstest","TestId":"4ec03d4e-a80e-4801-a2e8-dfde6dfc7908","TestStepIndex":7,"StepDescription":"Click 'PzCommandToolbarInnerPyReportContentPage37Link'","Exception":null,"ResultType":0,"State":null,"Order":8,"LogMessageOnError":"","UserComment":null,"HashCode":2087960567,"IsManual":false,"WasStepEnabled":false}},{"__type":"ArtOfTest.WebAii.Design.AutomationStepResult","__value":{"TestName":"Add Report To Category","TestPath":"EJBTesting\\Reports Scheduling\\Add Report To Category.tstest","TestId":"4ec03d4e-a80e-4801-a2e8-dfde6dfc7908","TestStepIndex":8,"StepDescription":"Click 'ModaldialogHdDiv'","Exception":null,"ResultType":0,"State":null,"Order":9,"LogMessageOnError":"","UserComment":null,"HashCode":2087960568,"IsManual":false,"WasStepEnabled":false}},{"__type":"ArtOfTest.WebAii.Design.AutomationStepResult","__value":{"TestName":"Add Report To Category","TestPath":"EJBTesting\\Reports Scheduling\\Add Report To Category.tstest","TestId":"4ec03d4e-a80e-4801-a2e8-dfde6dfc7908","TestStepIndex":9,"StepDescription":"Click 'CTDiv'","Exception":null,"ResultType":0,"State":null,"Order":10,"LogMessageOnError":"","UserComment":null,"HashCode":2087960569,"IsManual":false,"WasStepEnabled":false}},{"__type":"ArtOfTest.WebAii.Design.AutomationStepResult","__value":{"TestName":"Add Report To Category","TestPath":"EJBTesting\\Reports Scheduling\\Add Report To Category.tstest","TestId":"4ec03d4e-a80e-4801-a2e8-dfde6dfc7908","TestStepIndex":10,"StepDescription":"Select 'ByValue' option 'schedulereports28' on 'PyCategoryNameSelect'","Exception":null,"ResultType":0,"State":null,"Order":11,"LogMessageOnError":"","UserComment":null,"HashCode":717831272,"IsManual":false,"WasStepEnabled":false}},{"__type":"ArtOfTest.WebAii.Design.AutomationStepResult","__value":{"TestName":"Add Report To Category","TestPath":"EJBTesting\\Reports Scheduling\\Add Report To Category.tstest","TestId":"4ec03d4e-a80e-4801-a2e8-dfde6dfc7908","TestStepIndex":11,"StepDescription":"Enter text 'mycandidatereports29' in 'PyStreamNameText'","Exception":null,"ResultType":0,"State":null,"Order":12,"LogMessageOnError":"","UserComment":null,"HashCode":1106498614,"IsManual":false,"WasStepEnabled":false}},{"__type":"ArtOfTest.WebAii.Design.AutomationStepResult","__value":{"TestName":"Add Report To Category","TestPath":"EJBTesting\\Reports Scheduling\\Add Report To Category.tstest","TestId":"4ec03d4e-a80e-4801-a2e8-dfde6dfc7908","TestStepIndex":12,"StepDescription":"Enter text 'mycandidatereports29' in 'PyReportTitleText'","Exception":null,"ResultType":0,"State":null,"Order":13,"LogMessageOnError":"","UserComment":null,"HashCode":1106498615,"IsManual":false,"WasStepEnabled":false}},{"__type":"ArtOfTest.WebAii.Design.AutomationStepResult","__value":{"TestName":"Add Report To Category","TestPath":"EJBTesting\\Reports Scheduling\\Add Report To Category.tstest","TestId":"4ec03d4e-a80e-4801-a2e8-dfde6dfc7908","TestStepIndex":13,"StepDescription":"Click 'ModalButtonSubmitButtonTag'","Exception":null,"ResultType":0,"State":null,"Order":14,"LogMessageOnError":"","UserComment":null,"HashCode":2087960573,"IsManual":false,"WasStepEnabled":false}},{"__type":"ArtOfTest.WebAii.Design.AutomationStepResult","__value":{"TestName":"Add Report To Category","TestPath":"EJBTesting\\Reports Scheduling\\Add Report To Category.tstest","TestId":"4ec03d4e-a80e-4801-a2e8-dfde6dfc7908","TestStepIndex":14,"StepDescription":"Wait for '5000' msec.","Exception":null,"ResultType":0,"State":null,"Order":15,"LogMessageOnError":"","UserComment":null,"HashCode":-1280481816,"IsManual":false,"WasStepEnabled":false}},{"__type":"ArtOfTest.WebAii.Design.AutomationStepResult","__value":{"TestName":"Add Report To Category","TestPath":"EJBTesting\\Reports Scheduling\\Add Report To Category.tstest","TestId":"4ec03d4e-a80e-4801-a2e8-dfde6dfc7908","TestStepIndex":15,"StepDescription":"Click 'NavMiddleTableCell'","Exception":null,"ResultType":0,"State":null,"Order":16,"LogMessageOnError":"","UserComment":null,"HashCode":2087960575,"IsManual":false,"WasStepEnabled":false}},{"__type":"ArtOfTest.WebAii.Design.AutomationStepResult","__value":{"TestName":"Add Report To Category","TestPath":"EJBTesting\\Reports Scheduling\\Add Report To Category.tstest","TestId":"4ec03d4e-a80e-4801-a2e8-dfde6dfc7908","TestStepIndex":16,"StepDescription":"Wait for '5000' msec.","Exception":null,"ResultType":0,"State":null,"Order":17,"LogMessageOnError":"","UserComment":null,"HashCode":-1280481814,"IsManual":false,"WasStepEnabled":false}},{"__type":"ArtOfTest.WebAii.Design.AutomationStepResult","__value":{"TestName":"Add Report To Category","TestPath":"EJBTesting\\Reports Scheduling\\Add Report To Category.tstest","TestId":"4ec03d4e-a80e-4801-a2e8-dfde6dfc7908","TestStepIndex":17,"StepDescription":"Click 'ApplyChangesDiv'","Exception":null,"ResultType":0,"State":null,"Order":18,"LogMessageOnError":"","UserComment":null,"HashCode":2087960577,"IsManual":false,"WasStepEnabled":false}},{"__type":"ArtOfTest.WebAii.Design.AutomationStepResult","__value":{"TestName":"Add Report To Category","TestPath":"EJBTesting\\Reports Scheduling\\Add Report To Category.tstest","TestId":"4ec03d4e-a80e-4801-a2e8-dfde6dfc7908","TestStepIndex":18,"StepDescription":"Desktop command: LeftClick on ApplyChangesDiv","Exception":null,"ResultType":2,"State":null,"Order":19,"LogMessageOnError":"","UserComment":null,"HashCode":1877738769,"IsManual":false,"WasStepEnabled":false}},{"__type":"ArtOfTest.WebAii.Design.AutomationStepResult","__value":{"TestName":"Add Report To Category","TestPath":"EJBTesting\\Reports Scheduling\\Add Report To Category.tstest","TestId":"4ec03d4e-a80e-4801-a2e8-dfde6dfc7908","TestStepIndex":19,"StepDescription":"Wait for '5000' msec.","Exception":null,"ResultType":0,"State":null,"Order":20,"LogMessageOnError":"","UserComment":null,"HashCode":-1280481811,"IsManual":false,"WasStepEnabled":false}},{"__type":"ArtOfTest.WebAii.Design.AutomationStepResult","__value":{"TestName":"Add Report To Category","TestPath":"EJBTesting\\Reports Scheduling\\Add Report To Category.tstest","TestId":"4ec03d4e-a80e-4801-a2e8-dfde6dfc7908","TestStepIndex":20,"StepDescription":"Click 'PEGALUCDiv'","Exception":null,"ResultType":0,"State":null,"Order":21,"LogMessageOnError":"","UserComment":null,"HashCode":2087960580,"IsManual":false,"WasStepEnabled":false}},{"__type":"ArtOfTest.WebAii.Design.AutomationStepResult","__value":{"TestName":"Add Report To Category","TestPath":"EJBTesting\\Reports Scheduling\\Add Report To Category.tstest","TestId":"4ec03d4e-a80e-4801-a2e8-dfde6dfc7908","TestStepIndex":21,"StepDescription":"Close pop-up window : '/prweb/PRServlet/rP_YUoU5v4VpHC7zgKdtRfYWDHA1OZuBMT3A8rk8PgI%5B*/!TABTHREAD0?pyActivity=Code-Pega-List.pzDisplayReportDesignMode&bDesignMode=false&reportconfigsec=none&pzPrimaryPageName=pyReportContentPage'","Exception":null,"ResultType":0,"State":null,"Order":22,"LogMessageOnError":"","UserComment":null,"HashCode":512605126,"IsManual":false,"WasStepEnabled":false}}],"NotRunStepDescriptions":[],"TotalPassedSteps":20,"ExecutingTestStepCount":20,"TotalNumberOfNotRunSteps":2,"IsDataDrivenResult":false,"DataIterationResults":[],"EndTime":"2014-05-15T08:53:20.9974219-04:00","StartTime":"2014-05-15T08:52:48.2061431-04:00","ProfilerResultsPath":null,"VersionGroupKey":"00000000-0000-0000-0000-000000000000","CommitedBy":null}},"ResultType":0,"Exception":null,"TestName":"Schedule Reports and message","TestPath":"EJBTesting\\Reports Scheduling\\Schedule Reports and message.tstest","TestId":"74b04326-16fa-4c3e-9136-009f76f909ff","TestStepIndex":2,"StepDescription":"Execute test 'Add Report To Category.tstest'","State":null,"Order":3,"LogMessageOnError":"","UserComment":null,"HashCode":-832664897,"IsManual":false,"WasStepEnabled":false}},{"__type":"ArtOfTest.WebAii.Design.Execution.TestAsStepResult","__value":{"TestResult":{"__type":"ArtOfTest.WebAii.Design.Execution.TestResult","__value":{"Browser":0,"ExeType":5,"SeparatorLineCharCount":60,"Message":"Overall Result: Fail\r\n------------------------------------------------------------\r\n'15-05-2014 08:53:21' - Enabling Html Popup Tracker. Test expecting Popups.\r\n'15-05-2014 08:53:21' - Using 'InternetExplorer' version '9.0' as default browser. \r\n'15-05-2014 08:54:22' - 'Fail' : 1. Click 'Div'\r\n------------------------------------------------------------\r\nFailure Information: \r\n~~~~~~~~~~~~~~~\r\nUnable to find the target host (Browser/SilverlightApp) to locate an element. Failure: Waiting for frame '[Frame:id=~PegaGadget,name=~PegaGadget,UseQuery:False]' timed out. Error: Wait for condition has timed out\r\nInnerException:\r\nSystem.Exception: Unable to find the target host (Browser/SilverlightApp) to locate an element. Failure: Waiting for frame '[Frame:id=~PegaGadget,name=~PegaGadget,UseQuery:False]' timed out. Error: Wait for condition has timed out\r\n   at ArtOfTest.WebAii.Design.Execution.ExecutionUtils.WaitForAllElements(IAutomationHost host, AutomationDescriptor descriptor, Int32 timeout)\r\n   at ArtOfTest.WebAii.Design.Execution.ExecutionEngine.ExecuteStep(Int32 order)\r\n------------------------------------------------------------\r\n'15-05-2014 08:54:22' - Detected a failure. Step is marked 'ContinueOnFailure=False' aborting test execution.\r\n------------------------------------------------------------\r\n'15-05-2014 08:54:22' - Overall Result: Fail\r\n'15-05-2014 08:54:22' - Duration: [1 min: 1 sec: 11 msec]\r\n------------------------------------------------------------\r\n\r\n","FailureException":{"__type":"ArtOfTest.Common.Design.Exceptions.ExecutionException","__value":{"message":"Unable to find the target host (Browser/SilverlightApp) to locate an element. Failure: Waiting for frame '[Frame:id=~PegaGadget,name=~PegaGadget,UseQuery:False]' timed out. Error: Wait for condition has timed out","DataProvider":{"__type":"ArtOfTest.Common.Design.Exceptions.ErrorDataProvider","__value":{"_info":{"HostState":{"__type":"ArtOfTest.WebAii.Design.AutomationHostState","__value":{"Mode":2,"DomFilePath":"Schedule Reports and message 130446661017745006_files\\Schedule Report_0_DomTreeOnFailure.txt","ImageFilePath":"Schedule Reports and message 130446661017745006_files\\Schedule Report_0_ImageOnFailure.png","ExpectedImageFilePath":null,"TechnologyType":1,"FriendlyName":"Capture Of 'Page (mycandidatereports29)' @15-05-2014 08:54:22"}}}}}}},"Result":1,"TestId":"0cc58215-5f39-45fc-9608-6549d7798a3c","TestName":"Schedule Report","TestPath":"EJBTesting\\Reports Scheduling\\Schedule Report.tstest","TestOwner":"","TestDescription":"","ProjectPath":"","StepResults":[{"__type":"ArtOfTest.WebAii.Design.AutomationStepResult","__value":{"TestName":"Schedule Report","TestPath":"EJBTesting\\Reports Scheduling\\Schedule Report.tstest","TestId":"0cc58215-5f39-45fc-9608-6549d7798a3c","TestStepIndex":0,"StepDescription":"Click 'Div'","Exception":{"__type":"ArtOfTest.Common.Design.Exceptions.ExecutionException","__value":{"message":"Unable to find the target host (Browser/SilverlightApp) to locate an element. Failure: Waiting for frame '[Frame:id=~PegaGadget,name=~PegaGadget,UseQuery:False]' timed out. Error: Wait for condition has timed out","DataProvider":{"__type":"ArtOfTest.Common.Design.Exceptions.ErrorDataProvider","__value":{"_info":{"HostState":{"__type":"ArtOfTest.WebAii.Design.AutomationHostState","__value":{"Mode":2,"DomFilePath":"Schedule Reports and message 130446661017745006_files\\Schedule Report_0_DomTreeOnFailure.txt","ImageFilePath":"Schedule Reports and message 130446661017745006_files\\Schedule Report_0_ImageOnFailure.png","ExpectedImageFilePath":null,"TechnologyType":1,"FriendlyName":"Capture Of 'Page (mycandidatereports29)' @15-05-2014 08:54:22"}}}}}}},"ResultType":1,"State":{"__type":"ArtOfTest.WebAii.Design.AutomationHostState","__value":{"Mode":2,"DomFilePath":"Schedule Reports and message 130446661017745006_files\\Schedule Report_0_DomTreeOnFailure.txt","ImageFilePath":"Schedule Reports and message 130446661017745006_files\\Schedule Report_0_ImageOnFailure.png","ExpectedImageFilePath":null,"TechnologyType":1,"FriendlyName":"Capture Of 'Page (mycandidatereports29)' @15-05-2014 08:54:22"}},"Order":1,"LogMessageOnError":"","UserComment":null,"HashCode":2087960560,"IsManual":false,"WasStepEnabled":false}}],"NotRunStepDescriptions":["Click 'PzCategoryCountLabelDPzReportBrowser7PzRBAllCategories74Link'","Wait for '5000' msec.","Click 'TakeActionLink'","Wait for '5000' msec.","Click 'ItemMiddleTableCell'","Connect to pop-up window : '/prweb/PRServlet'","Wait for '10000' msec.","Click 'TableCell'","Wait for '5000' msec.","Select 'ByValue' option '22' on 'PyTimeOfDaySelect'","Click 'TableCell0'","Click 'CompleteThisButtonTag'","Wait for '5000' msec.","Close pop-up window : '/prweb/PRServlet'"],"TotalPassedSteps":0,"ExecutingTestStepCount":1,"TotalNumberOfNotRunSteps":0,"IsDataDrivenResult":false,"DataIterationResults":[],"EndTime":"2014-05-15T08:54:22.3654682-04:00","StartTime":"2014-05-15T08:53:21.3544576-04:00","ProfilerResultsPath":null,"VersionGroupKey":"00000000-0000-0000-0000-000000000000","CommitedBy":null}},"ResultType":1,"Exception":{"__type":"ArtOfTest.Common.Design.Exceptions.ExecutionException","__value":{"message":"Unable to find the target host (Browser/SilverlightApp) to locate an element. Failure: Waiting for frame '[Frame:id=~PegaGadget,name=~PegaGadget,UseQuery:False]' timed out. Error: Wait for condition has timed out","DataProvider":{"__type":"ArtOfTest.Common.Design.Exceptions.ErrorDataProvider","__value":{"_info":{"HostState":{"__type":"ArtOfTest.WebAii.Design.AutomationHostState","__value":{"Mode":2,"DomFilePath":"Schedule Reports and message 130446661017745006_files\\Schedule Report_0_DomTreeOnFailure.txt","ImageFilePath":"Schedule Reports and message 130446661017745006_files\\Schedule Report_0_ImageOnFailure.png","ExpectedImageFilePath":null,"TechnologyType":1,"FriendlyName":"Capture Of 'Page (mycandidatereports29)' @15-05-2014 08:54:22"}}}}}}},"TestName":"Schedule Reports and message","TestPath":"EJBTesting\\Reports Scheduling\\Schedule Reports and message.tstest","TestId":"74b04326-16fa-4c3e-9136-009f76f909ff","TestStepIndex":3,"StepDescription":"Execute test 'Schedule Report.tstest'","State":null,"Order":4,"LogMessageOnError":"","UserComment":null,"HashCode":-832664896,"IsManual":false,"WasStepEnabled":false}}],"NotRunStepDescriptions":["Enter text 'mycandidate' in 'PySearchTextText'","Click 'SearchImage'","Wait for '2000' msec.","Click 'MycandidaterepoLink'","Wait for '4000' msec.","Click 'DeleteDiv'","Enter text 'test' in 'PyDeleteMemoTextArea'","Click 'SubmitButtonButtonTag'","Wait for '2000' msec.","Click 'CloseSpan'","Click 'RefreshDiv'","Wait for '4000' msec.","Click 'TakeActionLink0'","Click 'ItemMiddleTableCell0'","Click 'ModalButtonSubmitButtonTag'"],"TotalPassedSteps":3,"ExecutingTestStepCount":4,"TotalNumberOfNotRunSteps":0,"IsDataDrivenResult":false,"DataIterationResults":[],"EndTime":"2014-05-15T08:54:22.3704682-04:00","StartTime":"2014-05-15T08:51:50.1233354-04:00","ProfilerResultsPath":null,"VersionGroupKey":"00000000-0000-0000-0000-000000000000","CommitedBy":null}},"Iteration":"[Iteration #1: (BaseURL=http://localhost:9080)(adminlogin=administrator@pega.com)(adminpassword=install)(hrservices jar=E:\\share\\HRServicesSample.jar)(candfn=fn1)(candln=ln1)(appuserlogin=sae1architect)(appuserpassword=rules)]"}}],"EndTime":"2014-05-15T08:54:22.3704682-04:00","StartTime":"2014-05-15T08:51:50.1143345-04:00","ProfilerResultsPath":null,"VersionGroupKey":"00000000-0000-0000-0000-000000000000","CommitedBy":null}}],"FileName":"Schedule Reports and message 130446661017745006","Id":"3f4b4458-409f-40d9-a501-3c653c802382","Machine":{"__type":"ArtOfTest.WebAii.Design.Execution.Scheduling.Machine","__value":{"Id":"00000000-0000-0000-0000-000000000000","NetworkName":"LJAKKRW7BLR","OperatingSystem":"Windows 7","InstalledBrowsers":[{"__type":"ArtOfTest.WebAii.Design.Execution.Scheduling.BrowserInformation","__value":{"Type":1,"Version":"9.0.8112.16421"}},{"__type":"ArtOfTest.WebAii.Design.Execution.Scheduling.BrowserInformation","__value":{"Type":2,"Version":"3.6.28 (en-US)"}},{"__type":"ArtOfTest.WebAii.Design.Execution.Scheduling.BrowserInformation","__value":{"Type":7,"Version":""}}],"Status":0,"ServiceUri":null,"DBState":0,"UserName":"jakkr"}},"Messages":null,"RunId":"3f4b4458-409f-40d9-a501-3c653c802382","Comment":null,"TestListId":"0cc2e342-0746-4de7-babb-5b87faab2454","IsManual":false,"DispatchGroupId":"666d04a6-dde3-4e03-a483-2e9d8992f663"}},"Metadata":null}